{\rtf1\ansi\ansicpg1252\cocoartf2511
\cocoatextscaling0\cocoaplatform0{\fonttbl\f0\fmodern\fcharset0 Courier;}
{\colortbl;\red255\green255\blue255;\red25\green25\blue25;\red255\green255\blue255;}
{\*\expandedcolortbl;;\cssrgb\c12941\c12941\c12941;\cssrgb\c100000\c100000\c100000;}
\margl1440\margr1440\vieww23560\viewh14640\viewkind0
\deftab720
\pard\pardeftab720\sl320\partightenfactor0

\f0\fs28 \cf2 \cb3 \expnd0\expndtw0\kerning0
\outl0\strokewidth0 \strokec2 Train Epoch: 1 [0/9600 (0%)]	Train Loss: 612.814758	Val Loss: 4.787286	Val Acc: 0.78125\
Train Epoch: 1 [1280/9600 (13%)]	Train Loss: 613.580994	Val Loss: 4.787608	Val Acc: 1.40625\
Train Epoch: 1 [2560/9600 (27%)]	Train Loss: 612.617371	Val Loss: 4.793877	Val Acc: 0.78125\
Train Epoch: 1 [3840/9600 (40%)]	Train Loss: 613.177612	Val Loss: 4.786390	Val Acc: 1.09375\
Train Epoch: 1 [5120/9600 (53%)]	Train Loss: 612.807068	Val Loss: 4.787491	Val Acc: 0.78125\
Train Epoch: 1 [6400/9600 (67%)]	Train Loss: 612.792786	Val Loss: 4.787387	Val Acc: 0.9375\
Train Epoch: 1 [7680/9600 (80%)]	Train Loss: 612.802551	Val Loss: 4.787478	Val Acc: 0.78125\
Train Epoch: 1 [8960/9600 (93%)]	Train Loss: 612.790405	Val Loss: 4.787445	Val Acc: 1.25\
Train Epoch: 2 [0/9600 (0%)]	Train Loss: 612.791931	Val Loss: 4.787467	Val Acc: 0.9375\
Train Epoch: 2 [1280/9600 (13%)]	Train Loss: 612.771179	Val Loss: 4.787217	Val Acc: 1.25\
Train Epoch: 2 [2560/9600 (27%)]	Train Loss: 611.074585	Val Loss: 4.785411	Val Acc: 0.78125\
Train Epoch: 2 [3840/9600 (40%)]	Train Loss: 612.804016	Val Loss: 4.787452	Val Acc: 1.25\
Train Epoch: 2 [5120/9600 (53%)]	Train Loss: 612.872437	Val Loss: 4.788691	Val Acc: 0.78125\
Train Epoch: 2 [6400/9600 (67%)]	Train Loss: 613.202576	Val Loss: 4.787631	Val Acc: 1.40625\
Train Epoch: 2 [7680/9600 (80%)]	Train Loss: 612.783142	Val Loss: 4.787463	Val Acc: 0.78125\
Train Epoch: 2 [8960/9600 (93%)]	Train Loss: 612.794556	Val Loss: 4.787441	Val Acc: 0.9375\
Train Epoch: 3 [0/9600 (0%)]	Train Loss: 612.807983	Val Loss: 4.787487	Val Acc: 0.78125\
Train Epoch: 3 [1280/9600 (13%)]	Train Loss: 612.800781	Val Loss: 4.787499	Val Acc: 0.625\
Train Epoch: 3 [2560/9600 (27%)]	Train Loss: 612.794067	Val Loss: 4.787511	Val Acc: 0.78125\
Train Epoch: 3 [3840/9600 (40%)]	Train Loss: 612.792725	Val Loss: 4.787470	Val Acc: 0.78125\
Train Epoch: 3 [5120/9600 (53%)]	Train Loss: 612.800476	Val Loss: 4.787549	Val Acc: 0.625\
Train Epoch: 3 [6400/9600 (67%)]	Train Loss: 612.801208	Val Loss: 4.787488	Val Acc: 0.9375\
Train Epoch: 3 [7680/9600 (80%)]	Train Loss: 612.799866	Val Loss: 4.787477	Val Acc: 0.625\
Train Epoch: 3 [8960/9600 (93%)]	Train Loss: 612.803650	Val Loss: 4.787461	Val Acc: 0.625\
Train Epoch: 4 [0/9600 (0%)]	Train Loss: 612.787354	Val Loss: 4.787451	Val Acc: 1.09375\
Train Epoch: 4 [1280/9600 (13%)]	Train Loss: 612.796631	Val Loss: 4.787479	Val Acc: 0.78125\
Train Epoch: 4 [2560/9600 (27%)]	Train Loss: 612.782104	Val Loss: 4.787536	Val Acc: 1.5625\
Train Epoch: 4 [3840/9600 (40%)]	Train Loss: 612.793274	Val Loss: 4.787505	Val Acc: 0.9375\
Train Epoch: 4 [5120/9600 (53%)]	Train Loss: 612.792358	Val Loss: 4.787418	Val Acc: 1.40625\
Train Epoch: 4 [6400/9600 (67%)]	Train Loss: 612.796753	Val Loss: 4.787488	Val Acc: 1.25\
Train Epoch: 4 [7680/9600 (80%)]	Train Loss: 612.789001	Val Loss: 4.787498	Val Acc: 0.0\
Train Epoch: 4 [8960/9600 (93%)]	Train Loss: 612.808289	Val Loss: 4.787467	Val Acc: 0.46875\
Train Epoch: 5 [0/9600 (0%)]	Train Loss: 612.794495	Val Loss: 4.787498	Val Acc: 1.25\
Train Epoch: 5 [1280/9600 (13%)]	Train Loss: 612.777283	Val Loss: 4.787471	Val Acc: 0.625\
Train Epoch: 5 [2560/9600 (27%)]	Train Loss: 612.804382	Val Loss: 4.787496	Val Acc: 1.25\
Train Epoch: 5 [3840/9600 (40%)]	Train Loss: 612.676880	Val Loss: 4.787353	Val Acc: 0.625\
Train Epoch: 5 [5120/9600 (53%)]	Train Loss: 612.793457	Val Loss: 4.786789	Val Acc: 0.625\
Train Epoch: 5 [6400/9600 (67%)]	Train Loss: 614.210266	Val Loss: 4.797808	Val Acc: 0.3125\
Train Epoch: 5 [7680/9600 (80%)]	Train Loss: 614.603638	Val Loss: 4.791582	Val Acc: 0.9375\
Train Epoch: 5 [8960/9600 (93%)]	Train Loss: 612.794739	Val Loss: 4.787493	Val Acc: 0.78125\
Train Epoch: 6 [0/9600 (0%)]	Train Loss: 612.797119	Val Loss: 4.787483	Val Acc: 1.40625\
Train Epoch: 6 [1280/9600 (13%)]	Train Loss: 612.805054	Val Loss: 4.787513	Val Acc: 1.40625\
Train Epoch: 6 [2560/9600 (27%)]	Train Loss: 612.800354	Val Loss: 4.787471	Val Acc: 0.78125\
Train Epoch: 6 [3840/9600 (40%)]	Train Loss: 612.800781	Val Loss: 4.787470	Val Acc: 0.78125\
Train Epoch: 6 [5120/9600 (53%)]	Train Loss: 612.792297	Val Loss: 4.787522	Val Acc: 1.09375\
Train Epoch: 6 [6400/9600 (67%)]	Train Loss: 612.810547	Val Loss: 4.787441	Val Acc: 0.78125\
Train Epoch: 6 [7680/9600 (80%)]	Train Loss: 612.801086	Val Loss: 4.787509	Val Acc: 0.625\
Train Epoch: 6 [8960/9600 (93%)]	Train Loss: 612.803345	Val Loss: 4.787495	Val Acc: 0.3125\
Train Epoch: 7 [0/9600 (0%)]	Train Loss: 612.801025	Val Loss: 4.787510	Val Acc: 0.9375\
Train Epoch: 7 [1280/9600 (13%)]	Train Loss: 612.795227	Val Loss: 4.787447	Val Acc: 0.9375\
Train Epoch: 7 [2560/9600 (27%)]	Train Loss: 612.817932	Val Loss: 4.787496	Val Acc: 1.25\
Train Epoch: 7 [3840/9600 (40%)]	Train Loss: 612.811462	Val Loss: 4.787506	Val Acc: 0.625\
Train Epoch: 7 [5120/9600 (53%)]	Train Loss: 612.797119	Val Loss: 4.787484	Val Acc: 0.625\
Train Epoch: 7 [6400/9600 (67%)]	Train Loss: 612.810303	Val Loss: 4.787506	Val Acc: 0.78125\
Train Epoch: 7 [7680/9600 (80%)]	Train Loss: 612.793884	Val Loss: 4.787492	Val Acc: 0.625\
Train Epoch: 7 [8960/9600 (93%)]	Train Loss: 612.811829	Val Loss: 4.787488	Val Acc: 0.78125\
Train Epoch: 8 [0/9600 (0%)]	Train Loss: 612.802856	Val Loss: 4.787508	Val Acc: 0.625\
Train Epoch: 8 [1280/9600 (13%)]	Train Loss: 612.787903	Val Loss: 4.787522	Val Acc: 1.25\
Train Epoch: 8 [2560/9600 (27%)]	Train Loss: 612.802734	Val Loss: 4.787461	Val Acc: 1.09375\
Train Epoch: 8 [3840/9600 (40%)]	Train Loss: 612.801147	Val Loss: 4.787489	Val Acc: 1.09375\
Train Epoch: 8 [5120/9600 (53%)]	Train Loss: 612.790894	Val Loss: 4.787473	Val Acc: 0.78125\
Train Epoch: 8 [6400/9600 (67%)]	Train Loss: 612.803650	Val Loss: 4.787493	Val Acc: 1.40625\
Train Epoch: 8 [7680/9600 (80%)]	Train Loss: 612.804260	Val Loss: 4.787520	Val Acc: 0.9375\
Train Epoch: 8 [8960/9600 (93%)]	Train Loss: 612.798645	Val Loss: 4.787470	Val Acc: 0.78125\
Train Epoch: 9 [0/9600 (0%)]	Train Loss: 612.809570	Val Loss: 4.787460	Val Acc: 0.9375\
Train Epoch: 9 [1280/9600 (13%)]	Train Loss: 612.782349	Val Loss: 4.787474	Val Acc: 0.46875\
Train Epoch: 9 [2560/9600 (27%)]	Train Loss: 612.806091	Val Loss: 4.787317	Val Acc: 1.40625\
Train Epoch: 9 [3840/9600 (40%)]	Train Loss: 612.802185	Val Loss: 4.787467	Val Acc: 0.9375\
Train Epoch: 9 [5120/9600 (53%)]	Train Loss: 612.766724	Val Loss: 4.787422	Val Acc: 0.78125\
Train Epoch: 9 [6400/9600 (67%)]	Train Loss: 612.800171	Val Loss: 4.787382	Val Acc: 0.625\
Train Epoch: 9 [7680/9600 (80%)]	Train Loss: 612.793274	Val Loss: 4.787396	Val Acc: 1.09375\
Train Epoch: 9 [8960/9600 (93%)]	Train Loss: 612.787048	Val Loss: 4.787374	Val Acc: 1.40625\
Train Epoch: 10 [0/9600 (0%)]	Train Loss: 612.737305	Val Loss: 4.787240	Val Acc: 0.78125\
Train Epoch: 10 [1280/9600 (13%)]	Train Loss: 612.889343	Val Loss: 4.787125	Val Acc: 0.78125\
Train Epoch: 10 [2560/9600 (27%)]	Train Loss: 612.825745	Val Loss: 4.786825	Val Acc: 0.9375\
Train Epoch: 10 [3840/9600 (40%)]	Train Loss: 612.796265	Val Loss: 4.793277	Val Acc: 0.625\
Train Epoch: 10 [5120/9600 (53%)]	Train Loss: 614.604370	Val Loss: 4.792071	Val Acc: 0.9375\
Train Epoch: 10 [6400/9600 (67%)]	Train Loss: 613.002380	Val Loss: 4.788604	Val Acc: 0.46875\
Train Epoch: 10 [7680/9600 (80%)]	Train Loss: 612.796753	Val Loss: 4.787437	Val Acc: 1.09375\
Train Epoch: 10 [8960/9600 (93%)]	Train Loss: 612.797607	Val Loss: 4.787505	Val Acc: 0.625\
Train Epoch: 11 [0/9600 (0%)]	Train Loss: 612.797852	Val Loss: 4.787450	Val Acc: 1.40625\
Train Epoch: 11 [1280/9600 (13%)]	Train Loss: 612.789062	Val Loss: 4.787524	Val Acc: 0.78125\
Train Epoch: 11 [2560/9600 (27%)]	Train Loss: 612.793274	Val Loss: 4.787483	Val Acc: 1.71875\
Train Epoch: 11 [3840/9600 (40%)]	Train Loss: 612.795166	Val Loss: 4.787492	Val Acc: 0.78125\
Train Epoch: 11 [5120/9600 (53%)]	Train Loss: 612.793091	Val Loss: 4.787470	Val Acc: 1.09375\
Train Epoch: 11 [6400/9600 (67%)]	Train Loss: 612.796936	Val Loss: 4.787430	Val Acc: 1.25\
Train Epoch: 11 [7680/9600 (80%)]	Train Loss: 612.787903	Val Loss: 4.787502	Val Acc: 0.78125\
Train Epoch: 11 [8960/9600 (93%)]	Train Loss: 612.798340	Val Loss: 4.787447	Val Acc: 0.9375\
Train Epoch: 12 [0/9600 (0%)]	Train Loss: 612.800537	Val Loss: 4.787511	Val Acc: 0.625\
Train Epoch: 12 [1280/9600 (13%)]	Train Loss: 612.774231	Val Loss: 4.787435	Val Acc: 0.9375\
Train Epoch: 12 [2560/9600 (27%)]	Train Loss: 613.719604	Val Loss: 4.788794	Val Acc: 1.25\
Train Epoch: 12 [3840/9600 (40%)]	Train Loss: 613.616638	Val Loss: 4.793890	Val Acc: 0.78125\
Train Epoch: 12 [5120/9600 (53%)]	Train Loss: 614.618835	Val Loss: 4.795456	Val Acc: 0.625\
Train Epoch: 12 [6400/9600 (67%)]	Train Loss: 613.610107	Val Loss: 4.797060	Val Acc: 0.46875\
Train Epoch: 12 [7680/9600 (80%)]	Train Loss: 612.618958	Val Loss: 4.789211	Val Acc: 1.25\
Train Epoch: 12 [8960/9600 (93%)]	Train Loss: 614.618958	Val Loss: 4.789211	Val Acc: 1.25\
Train Epoch: 13 [0/9600 (0%)]	Train Loss: 613.618958	Val Loss: 4.795461	Val Acc: 0.625\
Train Epoch: 13 [1280/9600 (13%)]	Train Loss: 612.618958	Val Loss: 4.793898	Val Acc: 0.78125\
Train Epoch: 13 [2560/9600 (27%)]	Train Loss: 613.618958	Val Loss: 4.795461	Val Acc: 0.625\
Train Epoch: 13 [3840/9600 (40%)]	Train Loss: 614.618958	Val Loss: 4.795461	Val Acc: 0.625\
Train Epoch: 13 [5120/9600 (53%)]	Train Loss: 612.618958	Val Loss: 4.793898	Val Acc: 0.78125\
Train Epoch: 13 [6400/9600 (67%)]	Train Loss: 614.618958	Val Loss: 4.793898	Val Acc: 0.78125\
Train Epoch: 13 [7680/9600 (80%)]	Train Loss: 613.618958	Val Loss: 4.795461	Val Acc: 0.625\
Train Epoch: 13 [8960/9600 (93%)]	Train Loss: 614.618958	Val Loss: 4.790773	Val Acc: 1.09375\
Train Epoch: 14 [0/9600 (0%)]	Train Loss: 613.618958	Val Loss: 4.786086	Val Acc: 1.5625\
Train Epoch: 14 [1280/9600 (13%)]	Train Loss: 614.618958	Val Loss: 4.795461	Val Acc: 0.625\
Train Epoch: 14 [2560/9600 (27%)]	Train Loss: 612.618958	Val Loss: 4.790773	Val Acc: 1.09375\
Train Epoch: 14 [3840/9600 (40%)]	Train Loss: 614.618958	Val Loss: 4.792336	Val Acc: 0.9375\
Train Epoch: 14 [5120/9600 (53%)]	Train Loss: 613.618958	Val Loss: 4.789211	Val Acc: 1.25\
Train Epoch: 14 [6400/9600 (67%)]	Train Loss: 612.618958	Val Loss: 4.789211	Val Acc: 1.25\
Train Epoch: 14 [7680/9600 (80%)]	Train Loss: 614.618958	Val Loss: 4.797023	Val Acc: 0.46875\
Train Epoch: 14 [8960/9600 (93%)]	Train Loss: 613.618958	Val Loss: 4.795461	Val Acc: 0.625\
Train Epoch: 15 [0/9600 (0%)]	Train Loss: 613.618958	Val Loss: 4.795461	Val Acc: 0.625\
Train Epoch: 15 [1280/9600 (13%)]	Train Loss: 614.618958	Val Loss: 4.792336	Val Acc: 0.9375\
Train Epoch: 15 [2560/9600 (27%)]	Train Loss: 613.618958	Val Loss: 4.792336	Val Acc: 0.9375\
Train Epoch: 15 [3840/9600 (40%)]	Train Loss: 611.618958	Val Loss: 4.797023	Val Acc: 0.46875\
Train Epoch: 15 [5120/9600 (53%)]	Train Loss: 612.618958	Val Loss: 4.790773	Val Acc: 1.09375\
Train Epoch: 15 [6400/9600 (67%)]	Train Loss: 613.618958	Val Loss: 4.793898	Val Acc: 0.78125\
Train Epoch: 15 [7680/9600 (80%)]	Train Loss: 614.618958	Val Loss: 4.793898	Val Acc: 0.78125\
Train Epoch: 15 [8960/9600 (93%)]	Train Loss: 612.618958	Val Loss: 4.790773	Val Acc: 1.09375\
Train Epoch: 16 [0/9600 (0%)]	Train Loss: 613.618958	Val Loss: 4.793898	Val Acc: 0.78125\
Train Epoch: 16 [1280/9600 (13%)]	Train Loss: 612.618958	Val Loss: 4.792336	Val Acc: 0.9375\
Train Epoch: 16 [2560/9600 (27%)]	Train Loss: 613.618958	Val Loss: 4.795461	Val Acc: 0.625\
Train Epoch: 16 [3840/9600 (40%)]	Train Loss: 614.618958	Val Loss: 4.792336	Val Acc: 0.9375\
Train Epoch: 16 [5120/9600 (53%)]	Train Loss: 613.618958	Val Loss: 4.793898	Val Acc: 0.78125\
Train Epoch: 16 [6400/9600 (67%)]	Train Loss: 613.618958	Val Loss: 4.792336	Val Acc: 0.9375\
Train Epoch: 16 [7680/9600 (80%)]	Train Loss: 612.618958	Val Loss: 4.797023	Val Acc: 0.46875\
Train Epoch: 16 [8960/9600 (93%)]	Train Loss: 612.618958	Val Loss: 4.789211	Val Acc: 1.25\
Train Epoch: 17 [0/9600 (0%)]	Train Loss: 610.618958	Val Loss: 4.795461	Val Acc: 0.625\
Train Epoch: 17 [1280/9600 (13%)]	Train Loss: 613.618958	Val Loss: 4.793898	Val Acc: 0.78125\
Train Epoch: 17 [2560/9600 (27%)]	Train Loss: 614.618958	Val Loss: 4.793898	Val Acc: 0.78125\
Train Epoch: 17 [3840/9600 (40%)]	Train Loss: 613.618958	Val Loss: 4.792336	Val Acc: 0.9375\
Train Epoch: 17 [5120/9600 (53%)]	Train Loss: 614.618958	Val Loss: 4.795461	Val Acc: 0.625\
Train Epoch: 17 [6400/9600 (67%)]	Train Loss: 614.618958	Val Loss: 4.795461	Val Acc: 0.625\
Train Epoch: 17 [7680/9600 (80%)]	Train Loss: 614.618958	Val Loss: 4.795461	Val Acc: 0.625\
Train Epoch: 17 [8960/9600 (93%)]	Train Loss: 612.618958	Val Loss: 4.795461	Val Acc: 0.625\
Train Epoch: 18 [0/9600 (0%)]	Train Loss: 613.618958	Val Loss: 4.793898	Val Acc: 0.78125\
Train Epoch: 18 [1280/9600 (13%)]	Train Loss: 614.618958	Val Loss: 4.790773	Val Acc: 1.09375\
Train Epoch: 18 [2560/9600 (27%)]	Train Loss: 614.618958	Val Loss: 4.789211	Val Acc: 1.25\
Train Epoch: 18 [3840/9600 (40%)]	Train Loss: 613.618958	Val Loss: 4.792336	Val Acc: 0.9375\
Train Epoch: 18 [5120/9600 (53%)]	Train Loss: 613.618958	Val Loss: 4.795461	Val Acc: 0.625\
Train Epoch: 18 [6400/9600 (67%)]	Train Loss: 614.618958	Val Loss: 4.798585	Val Acc: 0.3125\
Train Epoch: 18 [7680/9600 (80%)]	Train Loss: 613.618958	Val Loss: 4.789211	Val Acc: 1.25\
Train Epoch: 18 [8960/9600 (93%)]	Train Loss: 614.618958	Val Loss: 4.797023	Val Acc: 0.46875\
Train Epoch: 19 [0/9600 (0%)]	Train Loss: 613.618958	Val Loss: 4.795461	Val Acc: 0.625\
Train Epoch: 19 [1280/9600 (13%)]	Train Loss: 613.618958	Val Loss: 4.792336	Val Acc: 0.9375\
Train Epoch: 19 [2560/9600 (27%)]	Train Loss: 614.618958	Val Loss: 4.790773	Val Acc: 1.09375\
Train Epoch: 19 [3840/9600 (40%)]	Train Loss: 611.618958	Val Loss: 4.792336	Val Acc: 0.9375\
Train Epoch: 19 [5120/9600 (53%)]	Train Loss: 613.618958	Val Loss: 4.798585	Val Acc: 0.3125\
Train Epoch: 19 [6400/9600 (67%)]	Train Loss: 614.618958	Val Loss: 4.793898	Val Acc: 0.78125\
Train Epoch: 19 [7680/9600 (80%)]	Train Loss: 614.618958	Val Loss: 4.792336	Val Acc: 0.9375\
Train Epoch: 19 [8960/9600 (93%)]	Train Loss: 613.618958	Val Loss: 4.795461	Val Acc: 0.625\
Train Epoch: 20 [0/9600 (0%)]	Train Loss: 613.618958	Val Loss: 4.792336	Val Acc: 0.9375\
Train Epoch: 20 [1280/9600 (13%)]	Train Loss: 614.618958	Val Loss: 4.792336	Val Acc: 0.9375\
Train Epoch: 20 [2560/9600 (27%)]	Train Loss: 613.618958	Val Loss: 4.798585	Val Acc: 0.3125\
Train Epoch: 20 [3840/9600 (40%)]	Train Loss: 612.618958	Val Loss: 4.789211	Val Acc: 1.25\
Train Epoch: 20 [5120/9600 (53%)]	Train Loss: 613.618958	Val Loss: 4.790773	Val Acc: 1.09375\
Train Epoch: 20 [6400/9600 (67%)]	Train Loss: 613.618958	Val Loss: 4.797023	Val Acc: 0.46875\
Train Epoch: 20 [7680/9600 (80%)]	Train Loss: 613.618958	Val Loss: 4.795461	Val Acc: 0.625\
Train Epoch: 20 [8960/9600 (93%)]	Train Loss: 612.618958	Val Loss: 4.793898	Val Acc: 0.78125\
Train Epoch: 21 [0/9600 (0%)]	Train Loss: 612.618958	Val Loss: 4.798585	Val Acc: 0.3125\
Train Epoch: 21 [1280/9600 (13%)]	Train Loss: 613.618958	Val Loss: 4.789211	Val Acc: 1.25\
Train Epoch: 21 [2560/9600 (27%)]	Train Loss: 614.618958	Val Loss: 4.793898	Val Acc: 0.78125\
Train Epoch: 21 [3840/9600 (40%)]	Train Loss: 613.618958	Val Loss: 4.793898	Val Acc: 0.78125\
Train Epoch: 21 [5120/9600 (53%)]	Train Loss: 614.618958	Val Loss: 4.795461	Val Acc: 0.625\
Train Epoch: 21 [6400/9600 (67%)]	Train Loss: 613.618958	Val Loss: 4.795461	Val Acc: 0.625\
Train Epoch: 21 [7680/9600 (80%)]	Train Loss: 613.618958	Val Loss: 4.795461	Val Acc: 0.625\
Train Epoch: 21 [8960/9600 (93%)]	Train Loss: 612.618958	Val Loss: 4.789211	Val Acc: 1.25\
Train Epoch: 22 [0/9600 (0%)]	Train Loss: 612.618958	Val Loss: 4.790773	Val Acc: 1.09375\
Train Epoch: 22 [1280/9600 (13%)]	Train Loss: 612.618958	Val Loss: 4.789211	Val Acc: 1.25\
Train Epoch: 22 [2560/9600 (27%)]	Train Loss: 614.618958	Val Loss: 4.797023	Val Acc: 0.46875\
Train Epoch: 22 [3840/9600 (40%)]	Train Loss: 612.618958	Val Loss: 4.787648	Val Acc: 1.40625\
Train Epoch: 22 [5120/9600 (53%)]	Train Loss: 614.618958	Val Loss: 4.792336	Val Acc: 0.9375\
Train Epoch: 22 [6400/9600 (67%)]	Train Loss: 612.618958	Val Loss: 4.793898	Val Acc: 0.78125\
Train Epoch: 22 [7680/9600 (80%)]	Train Loss: 614.618958	Val Loss: 4.795461	Val Acc: 0.625\
Train Epoch: 22 [8960/9600 (93%)]	Train Loss: 611.618958	Val Loss: 4.792336	Val Acc: 0.9375\
Train Epoch: 23 [0/9600 (0%)]	Train Loss: 613.618958	Val Loss: 4.795461	Val Acc: 0.625\
Train Epoch: 23 [1280/9600 (13%)]	Train Loss: 612.618958	Val Loss: 4.793898	Val Acc: 0.78125\
Train Epoch: 23 [2560/9600 (27%)]	Train Loss: 611.618958	Val Loss: 4.793898	Val Acc: 0.78125\
Train Epoch: 23 [3840/9600 (40%)]	Train Loss: 614.618958	Val Loss: 4.798585	Val Acc: 0.3125\
Train Epoch: 23 [5120/9600 (53%)]	Train Loss: 613.618958	Val Loss: 4.789211	Val Acc: 1.25\
Train Epoch: 23 [6400/9600 (67%)]	Train Loss: 613.618958	Val Loss: 4.795461	Val Acc: 0.625\
Train Epoch: 23 [7680/9600 (80%)]	Train Loss: 613.618958	Val Loss: 4.787648	Val Acc: 1.40625\
Train Epoch: 23 [8960/9600 (93%)]	Train Loss: 614.618958	Val Loss: 4.793898	Val Acc: 0.78125\
Train Epoch: 24 [0/9600 (0%)]	Train Loss: 613.618958	Val Loss: 4.795461	Val Acc: 0.625\
Train Epoch: 24 [1280/9600 (13%)]	Train Loss: 611.618958	Val Loss: 4.790773	Val Acc: 1.09375\
Train Epoch: 24 [2560/9600 (27%)]	Train Loss: 614.618958	Val Loss: 4.800148	Val Acc: 0.15625\
Train Epoch: 24 [3840/9600 (40%)]	Train Loss: 614.618958	Val Loss: 4.793898	Val Acc: 0.78125\
Train Epoch: 24 [5120/9600 (53%)]	Train Loss: 612.618958	Val Loss: 4.792336	Val Acc: 0.9375\
Train Epoch: 24 [6400/9600 (67%)]	Train Loss: 614.618958	Val Loss: 4.798585	Val Acc: 0.3125\
Train Epoch: 24 [7680/9600 (80%)]	Train Loss: 613.618958	Val Loss: 4.792336	Val Acc: 0.9375\
Train Epoch: 24 [8960/9600 (93%)]	Train Loss: 614.618958	Val Loss: 4.790773	Val Acc: 1.09375\
Train Epoch: 25 [0/9600 (0%)]	Train Loss: 614.618958	Val Loss: 4.789211	Val Acc: 1.25\
Train Epoch: 25 [1280/9600 (13%)]	Train Loss: 612.618958	Val Loss: 4.800148	Val Acc: 0.15625\
Train Epoch: 25 [2560/9600 (27%)]	Train Loss: 613.618958	Val Loss: 4.795461	Val Acc: 0.625\
Train Epoch: 25 [3840/9600 (40%)]	Train Loss: 614.618958	Val Loss: 4.795461	Val Acc: 0.625\
Train Epoch: 25 [5120/9600 (53%)]	Train Loss: 614.618958	Val Loss: 4.793898	Val Acc: 0.78125\
Train Epoch: 25 [6400/9600 (67%)]	Train Loss: 613.618958	Val Loss: 4.787648	Val Acc: 1.40625\
Train Epoch: 25 [7680/9600 (80%)]	Train Loss: 611.618958	Val Loss: 4.795461	Val Acc: 0.625\
Train Epoch: 25 [8960/9600 (93%)]	Train Loss: 610.618958	Val Loss: 4.795461	Val Acc: 0.625\
Train Epoch: 26 [0/9600 (0%)]	Train Loss: 614.618958	Val Loss: 4.795461	Val Acc: 0.625\
Train Epoch: 26 [1280/9600 (13%)]	Train Loss: 611.618958	Val Loss: 4.792336	Val Acc: 0.9375\
Train Epoch: 26 [2560/9600 (27%)]	Train Loss: 613.618958	Val Loss: 4.795461	Val Acc: 0.625\
Train Epoch: 26 [3840/9600 (40%)]	Train Loss: 613.618958	Val Loss: 4.795461	Val Acc: 0.625\
Train Epoch: 26 [5120/9600 (53%)]	Train Loss: 612.618958	Val Loss: 4.790773	Val Acc: 1.09375\
Train Epoch: 26 [6400/9600 (67%)]	Train Loss: 613.618958	Val Loss: 4.793898	Val Acc: 0.78125\
Train Epoch: 26 [7680/9600 (80%)]	Train Loss: 612.618958	Val Loss: 4.792336	Val Acc: 0.9375\
Train Epoch: 26 [8960/9600 (93%)]	Train Loss: 613.618958	Val Loss: 4.793898	Val Acc: 0.78125\
Train Epoch: 27 [0/9600 (0%)]	Train Loss: 613.618958	Val Loss: 4.790773	Val Acc: 1.09375\
Train Epoch: 27 [1280/9600 (13%)]	Train Loss: 613.618958	Val Loss: 4.792336	Val Acc: 0.9375\
Train Epoch: 27 [2560/9600 (27%)]	Train Loss: 614.618958	Val Loss: 4.790773	Val Acc: 1.09375\
Train Epoch: 27 [3840/9600 (40%)]	Train Loss: 613.618958	Val Loss: 4.793898	Val Acc: 0.78125\
Train Epoch: 27 [5120/9600 (53%)]	Train Loss: 613.618958	Val Loss: 4.795461	Val Acc: 0.625\
Train Epoch: 27 [6400/9600 (67%)]	Train Loss: 614.618958	Val Loss: 4.793898	Val Acc: 0.78125\
Train Epoch: 27 [7680/9600 (80%)]	Train Loss: 614.618958	Val Loss: 4.792336	Val Acc: 0.9375\
Train Epoch: 27 [8960/9600 (93%)]	Train Loss: 611.618958	Val Loss: 4.789211	Val Acc: 1.25\
Train Epoch: 28 [0/9600 (0%)]	Train Loss: 612.618958	Val Loss: 4.793898	Val Acc: 0.78125\
Train Epoch: 28 [1280/9600 (13%)]	Train Loss: 612.618958	Val Loss: 4.798585	Val Acc: 0.3125\
Train Epoch: 28 [2560/9600 (27%)]	Train Loss: 614.618958	Val Loss: 4.795461	Val Acc: 0.625\
Train Epoch: 28 [3840/9600 (40%)]	Train Loss: 612.618958	Val Loss: 4.797023	Val Acc: 0.46875\
Train Epoch: 28 [5120/9600 (53%)]	Train Loss: 613.618958	Val Loss: 4.793898	Val Acc: 0.78125\
Train Epoch: 28 [6400/9600 (67%)]	Train Loss: 613.618958	Val Loss: 4.793898	Val Acc: 0.78125\
Train Epoch: 28 [7680/9600 (80%)]	Train Loss: 613.618958	Val Loss: 4.792336	Val Acc: 0.9375\
Train Epoch: 28 [8960/9600 (93%)]	Train Loss: 613.618958	Val Loss: 4.795461	Val Acc: 0.625\
Train Epoch: 29 [0/9600 (0%)]	Train Loss: 614.618958	Val Loss: 4.792336	Val Acc: 0.9375\
Train Epoch: 29 [1280/9600 (13%)]	Train Loss: 613.618958	Val Loss: 4.790773	Val Acc: 1.09375\
Train Epoch: 29 [2560/9600 (27%)]	Train Loss: 614.618958	Val Loss: 4.790773	Val Acc: 1.09375\
Train Epoch: 29 [3840/9600 (40%)]	Train Loss: 612.618958	Val Loss: 4.792336	Val Acc: 0.9375\
Train Epoch: 29 [5120/9600 (53%)]	Train Loss: 614.618958	Val Loss: 4.798585	Val Acc: 0.3125\
Train Epoch: 29 [6400/9600 (67%)]	Train Loss: 612.618958	Val Loss: 4.792336	Val Acc: 0.9375\
Train Epoch: 29 [7680/9600 (80%)]	Train Loss: 614.618958	Val Loss: 4.798585	Val Acc: 0.3125\
Train Epoch: 29 [8960/9600 (93%)]	Train Loss: 613.618958	Val Loss: 4.789211	Val Acc: 1.25\
Train Epoch: 30 [0/9600 (0%)]	Train Loss: 614.618958	Val Loss: 4.798585	Val Acc: 0.3125\
Train Epoch: 30 [1280/9600 (13%)]	Train Loss: 614.618958	Val Loss: 4.790773	Val Acc: 1.09375\
Train Epoch: 30 [2560/9600 (27%)]	Train Loss: 613.618958	Val Loss: 4.793898	Val Acc: 0.78125\
Train Epoch: 30 [3840/9600 (40%)]	Train Loss: 613.618958	Val Loss: 4.797023	Val Acc: 0.46875\
Train Epoch: 30 [5120/9600 (53%)]	Train Loss: 614.618958	Val Loss: 4.790773	Val Acc: 1.09375\
Train Epoch: 30 [6400/9600 (67%)]	Train Loss: 613.618958	Val Loss: 4.789211	Val Acc: 1.25\
Train Epoch: 30 [7680/9600 (80%)]	Train Loss: 612.618958	Val Loss: 4.793898	Val Acc: 0.78125\
Train Epoch: 30 [8960/9600 (93%)]	Train Loss: 614.618958	Val Loss: 4.793898	Val Acc: 0.78125\
Train Epoch: 31 [0/9600 (0%)]	Train Loss: 614.618958	Val Loss: 4.790773	Val Acc: 1.09375\
Train Epoch: 31 [1280/9600 (13%)]	Train Loss: 614.618958	Val Loss: 4.793898	Val Acc: 0.78125\
Train Epoch: 31 [2560/9600 (27%)]	Train Loss: 612.618958	Val Loss: 4.797023	Val Acc: 0.46875\
Train Epoch: 31 [3840/9600 (40%)]	Train Loss: 612.618958	Val Loss: 4.795461	Val Acc: 0.625\
Train Epoch: 31 [5120/9600 (53%)]	Train Loss: 613.618958	Val Loss: 4.797023	Val Acc: 0.46875\
Train Epoch: 31 [6400/9600 (67%)]	Train Loss: 614.618958	Val Loss: 4.789211	Val Acc: 1.25\
Train Epoch: 31 [7680/9600 (80%)]	Train Loss: 614.618958	Val Loss: 4.790773	Val Acc: 1.09375\
Train Epoch: 31 [8960/9600 (93%)]	Train Loss: 614.618958	Val Loss: 4.797023	Val Acc: 0.46875\
Train Epoch: 32 [0/9600 (0%)]	Train Loss: 614.618958	Val Loss: 4.790773	Val Acc: 1.09375\
Train Epoch: 32 [1280/9600 (13%)]	Train Loss: 613.618958	Val Loss: 4.793898	Val Acc: 0.78125\
Train Epoch: 32 [2560/9600 (27%)]	Train Loss: 611.618958	Val Loss: 4.793898	Val Acc: 0.78125\
Train Epoch: 32 [3840/9600 (40%)]	Train Loss: 612.618958	Val Loss: 4.789211	Val Acc: 1.25\
Train Epoch: 32 [5120/9600 (53%)]	Train Loss: 613.618958	Val Loss: 4.792336	Val Acc: 0.9375\
Train Epoch: 32 [6400/9600 (67%)]	Train Loss: 613.618958	Val Loss: 4.795461	Val Acc: 0.625\
Train Epoch: 32 [7680/9600 (80%)]	Train Loss: 613.618958	Val Loss: 4.800148	Val Acc: 0.15625\
Train Epoch: 32 [8960/9600 (93%)]	Train Loss: 614.618958	Val Loss: 4.792336	Val Acc: 0.9375\
Train Epoch: 33 [0/9600 (0%)]	Train Loss: 614.618958	Val Loss: 4.792336	Val Acc: 0.9375\
Train Epoch: 33 [1280/9600 (13%)]	Train Loss: 613.618958	Val Loss: 4.793898	Val Acc: 0.78125\
Train Epoch: 33 [2560/9600 (27%)]	Train Loss: 614.618958	Val Loss: 4.797023	Val Acc: 0.46875\
Train Epoch: 33 [3840/9600 (40%)]	Train Loss: 613.618958	Val Loss: 4.792336	Val Acc: 0.9375\
Train Epoch: 33 [5120/9600 (53%)]	Train Loss: 613.618958	Val Loss: 4.793898	Val Acc: 0.78125\
Train Epoch: 33 [6400/9600 (67%)]	Train Loss: 612.618958	Val Loss: 4.798585	Val Acc: 0.3125\
Train Epoch: 33 [7680/9600 (80%)]	Train Loss: 614.618958	Val Loss: 4.790773	Val Acc: 1.09375\
Train Epoch: 33 [8960/9600 (93%)]	Train Loss: 613.618958	Val Loss: 4.792336	Val Acc: 0.9375\
Train Epoch: 34 [0/9600 (0%)]	Train Loss: 613.618958	Val Loss: 4.792336	Val Acc: 0.9375\
Train Epoch: 34 [1280/9600 (13%)]	Train Loss: 612.618958	Val Loss: 4.789211	Val Acc: 1.25\
Train Epoch: 34 [2560/9600 (27%)]	Train Loss: 614.618958	Val Loss: 4.793898	Val Acc: 0.78125\
Train Epoch: 34 [3840/9600 (40%)]	Train Loss: 614.618958	Val Loss: 4.790773	Val Acc: 1.09375\
Train Epoch: 34 [5120/9600 (53%)]	Train Loss: 613.618958	Val Loss: 4.792336	Val Acc: 0.9375\
Train Epoch: 34 [6400/9600 (67%)]	Train Loss: 613.618958	Val Loss: 4.789211	Val Acc: 1.25\
Train Epoch: 34 [7680/9600 (80%)]	Train Loss: 614.618958	Val Loss: 4.793898	Val Acc: 0.78125\
Train Epoch: 34 [8960/9600 (93%)]	Train Loss: 614.618958	Val Loss: 4.793898	Val Acc: 0.78125\
Train Epoch: 35 [0/9600 (0%)]	Train Loss: 613.618958	Val Loss: 4.795461	Val Acc: 0.625\
Train Epoch: 35 [1280/9600 (13%)]	Train Loss: 612.618958	Val Loss: 4.797023	Val Acc: 0.46875\
Train Epoch: 35 [2560/9600 (27%)]	Train Loss: 610.618958	Val Loss: 4.793898	Val Acc: 0.78125\
Train Epoch: 35 [3840/9600 (40%)]	Train Loss: 612.618958	Val Loss: 4.792336	Val Acc: 0.9375\
Train Epoch: 35 [5120/9600 (53%)]	Train Loss: 613.618958	Val Loss: 4.787648	Val Acc: 1.40625\
Train Epoch: 35 [6400/9600 (67%)]	Train Loss: 612.618958	Val Loss: 4.793898	Val Acc: 0.78125\
Train Epoch: 35 [7680/9600 (80%)]	Train Loss: 614.618958	Val Loss: 4.792336	Val Acc: 0.9375\
Train Epoch: 35 [8960/9600 (93%)]	Train Loss: 613.618958	Val Loss: 4.795461	Val Acc: 0.625\
Train Epoch: 36 [0/9600 (0%)]	Train Loss: 612.618958	Val Loss: 4.792336	Val Acc: 0.9375\
Train Epoch: 36 [1280/9600 (13%)]	Train Loss: 613.618958	Val Loss: 4.790773	Val Acc: 1.09375\
Train Epoch: 36 [2560/9600 (27%)]	Train Loss: 614.618958	Val Loss: 4.792336	Val Acc: 0.9375\
Train Epoch: 36 [3840/9600 (40%)]	Train Loss: 610.618958	Val Loss: 4.790773	Val Acc: 1.09375\
Train Epoch: 36 [5120/9600 (53%)]	Train Loss: 613.618958	Val Loss: 4.790773	Val Acc: 1.09375\
Train Epoch: 36 [6400/9600 (67%)]	Train Loss: 611.618958	Val Loss: 4.792336	Val Acc: 0.9375\
Train Epoch: 36 [7680/9600 (80%)]	Train Loss: 613.618958	Val Loss: 4.795461	Val Acc: 0.625\
Train Epoch: 36 [8960/9600 (93%)]	Train Loss: 613.618958	Val Loss: 4.797023	Val Acc: 0.46875\
Train Epoch: 37 [0/9600 (0%)]	Train Loss: 612.618958	Val Loss: 4.795461	Val Acc: 0.625\
Train Epoch: 37 [1280/9600 (13%)]	Train Loss: 614.618958	Val Loss: 4.800148	Val Acc: 0.15625\
Train Epoch: 37 [2560/9600 (27%)]	Train Loss: 613.618958	Val Loss: 4.792336	Val Acc: 0.9375\
Train Epoch: 37 [3840/9600 (40%)]	Train Loss: 612.618958	Val Loss: 4.792336	Val Acc: 0.9375\
Train Epoch: 37 [5120/9600 (53%)]	Train Loss: 614.618958	Val Loss: 4.792336	Val Acc: 0.9375\
Train Epoch: 37 [6400/9600 (67%)]	Train Loss: 614.618958	Val Loss: 4.789211	Val Acc: 1.25\
Train Epoch: 37 [7680/9600 (80%)]	Train Loss: 613.618958	Val Loss: 4.793898	Val Acc: 0.78125\
Train Epoch: 37 [8960/9600 (93%)]	Train Loss: 614.618958	Val Loss: 4.792336	Val Acc: 0.9375\
Train Epoch: 38 [0/9600 (0%)]	Train Loss: 612.618958	Val Loss: 4.790773	Val Acc: 1.09375\
Train Epoch: 38 [1280/9600 (13%)]	Train Loss: 613.618958	Val Loss: 4.792336	Val Acc: 0.9375\
Train Epoch: 38 [2560/9600 (27%)]	Train Loss: 614.618958	Val Loss: 4.793898	Val Acc: 0.78125\
Train Epoch: 38 [3840/9600 (40%)]	Train Loss: 614.618958	Val Loss: 4.797023	Val Acc: 0.46875\
Train Epoch: 38 [5120/9600 (53%)]	Train Loss: 612.618958	Val Loss: 4.792336	Val Acc: 0.9375\
Train Epoch: 38 [6400/9600 (67%)]	Train Loss: 613.618958	Val Loss: 4.790773	Val Acc: 1.09375\
Train Epoch: 38 [7680/9600 (80%)]	Train Loss: 614.618958	Val Loss: 4.787648	Val Acc: 1.40625\
Train Epoch: 38 [8960/9600 (93%)]	Train Loss: 612.618958	Val Loss: 4.795461	Val Acc: 0.625\
Train Epoch: 39 [0/9600 (0%)]	Train Loss: 613.618958	Val Loss: 4.795461	Val Acc: 0.625\
Train Epoch: 39 [1280/9600 (13%)]	Train Loss: 611.618958	Val Loss: 4.792336	Val Acc: 0.9375\
Train Epoch: 39 [2560/9600 (27%)]	Train Loss: 613.618958	Val Loss: 4.797023	Val Acc: 0.46875\
Train Epoch: 39 [3840/9600 (40%)]	Train Loss: 613.618958	Val Loss: 4.797023	Val Acc: 0.46875\
Train Epoch: 39 [5120/9600 (53%)]	Train Loss: 612.618958	Val Loss: 4.790773	Val Acc: 1.09375\
Train Epoch: 39 [6400/9600 (67%)]	Train Loss: 612.618958	Val Loss: 4.787648	Val Acc: 1.40625\
Train Epoch: 39 [7680/9600 (80%)]	Train Loss: 614.618958	Val Loss: 4.787648	Val Acc: 1.40625\
Train Epoch: 39 [8960/9600 (93%)]	Train Loss: 613.618958	Val Loss: 4.793898	Val Acc: 0.78125\
Train Epoch: 40 [0/9600 (0%)]	Train Loss: 613.618958	Val Loss: 4.787648	Val Acc: 1.40625\
Train Epoch: 40 [1280/9600 (13%)]	Train Loss: 614.618958	Val Loss: 4.795461	Val Acc: 0.625\
Train Epoch: 40 [2560/9600 (27%)]	Train Loss: 614.618958	Val Loss: 4.790773	Val Acc: 1.09375\
Train Epoch: 40 [3840/9600 (40%)]	Train Loss: 613.618958	Val Loss: 4.793898	Val Acc: 0.78125\
Train Epoch: 40 [5120/9600 (53%)]	Train Loss: 611.618958	Val Loss: 4.795461	Val Acc: 0.625\
Train Epoch: 40 [6400/9600 (67%)]	Train Loss: 611.618958	Val Loss: 4.789211	Val Acc: 1.25\
Train Epoch: 40 [7680/9600 (80%)]	Train Loss: 614.618958	Val Loss: 4.795461	Val Acc: 0.625\
Train Epoch: 40 [8960/9600 (93%)]	Train Loss: 613.618958	Val Loss: 4.795461	Val Acc: 0.625\
Train Epoch: 41 [0/9600 (0%)]	Train Loss: 612.618958	Val Loss: 4.792336	Val Acc: 0.9375\
Train Epoch: 41 [1280/9600 (13%)]	Train Loss: 612.618958	Val Loss: 4.790773	Val Acc: 1.09375\
Train Epoch: 41 [2560/9600 (27%)]	Train Loss: 614.618958	Val Loss: 4.787648	Val Acc: 1.40625\
Train Epoch: 41 [3840/9600 (40%)]	Train Loss: 614.618958	Val Loss: 4.795461	Val Acc: 0.625\
Train Epoch: 41 [5120/9600 (53%)]	Train Loss: 614.618958	Val Loss: 4.792336	Val Acc: 0.9375\
Train Epoch: 41 [6400/9600 (67%)]	Train Loss: 612.618958	Val Loss: 4.793898	Val Acc: 0.78125\
Train Epoch: 41 [7680/9600 (80%)]	Train Loss: 614.618958	Val Loss: 4.792336	Val Acc: 0.9375\
Train Epoch: 41 [8960/9600 (93%)]	Train Loss: 610.618958	Val Loss: 4.790773	Val Acc: 1.09375\
Train Epoch: 42 [0/9600 (0%)]	Train Loss: 612.618958	Val Loss: 4.786086	Val Acc: 1.5625\
Train Epoch: 42 [1280/9600 (13%)]	Train Loss: 612.618958	Val Loss: 4.797023	Val Acc: 0.46875\
Train Epoch: 42 [2560/9600 (27%)]	Train Loss: 614.618958	Val Loss: 4.795461	Val Acc: 0.625\
Train Epoch: 42 [3840/9600 (40%)]	Train Loss: 614.618958	Val Loss: 4.792336	Val Acc: 0.9375\
Train Epoch: 42 [5120/9600 (53%)]	Train Loss: 611.618958	Val Loss: 4.789211	Val Acc: 1.25\
Train Epoch: 42 [6400/9600 (67%)]	Train Loss: 614.618958	Val Loss: 4.792336	Val Acc: 0.9375\
Train Epoch: 42 [7680/9600 (80%)]	Train Loss: 614.618958	Val Loss: 4.787648	Val Acc: 1.40625\
Train Epoch: 42 [8960/9600 (93%)]	Train Loss: 611.618958	Val Loss: 4.793898	Val Acc: 0.78125\
Train Epoch: 43 [0/9600 (0%)]	Train Loss: 614.618958	Val Loss: 4.795461	Val Acc: 0.625\
Train Epoch: 43 [1280/9600 (13%)]	Train Loss: 611.618958	Val Loss: 4.789211	Val Acc: 1.25\
Train Epoch: 43 [2560/9600 (27%)]	Train Loss: 613.618958	Val Loss: 4.797023	Val Acc: 0.46875\
Train Epoch: 43 [3840/9600 (40%)]	Train Loss: 614.618958	Val Loss: 4.795461	Val Acc: 0.625\
Train Epoch: 43 [5120/9600 (53%)]	Train Loss: 613.618958	Val Loss: 4.795461	Val Acc: 0.625\
Train Epoch: 43 [6400/9600 (67%)]	Train Loss: 614.618958	Val Loss: 4.789211	Val Acc: 1.25\
Train Epoch: 43 [7680/9600 (80%)]	Train Loss: 612.618958	Val Loss: 4.793898	Val Acc: 0.78125\
Train Epoch: 43 [8960/9600 (93%)]	Train Loss: 614.618958	Val Loss: 4.793898	Val Acc: 0.78125\
Train Epoch: 44 [0/9600 (0%)]	Train Loss: 613.618958	Val Loss: 4.795461	Val Acc: 0.625\
Train Epoch: 44 [1280/9600 (13%)]	Train Loss: 613.618958	Val Loss: 4.790773	Val Acc: 1.09375\
Train Epoch: 44 [2560/9600 (27%)]	Train Loss: 613.618958	Val Loss: 4.786086	Val Acc: 1.5625\
Train Epoch: 44 [3840/9600 (40%)]	Train Loss: 613.618958	Val Loss: 4.795461	Val Acc: 0.625\
Train Epoch: 44 [5120/9600 (53%)]	Train Loss: 614.618958	Val Loss: 4.786086	Val Acc: 1.5625\
Train Epoch: 44 [6400/9600 (67%)]	Train Loss: 614.618958	Val Loss: 4.793898	Val Acc: 0.78125\
Train Epoch: 44 [7680/9600 (80%)]	Train Loss: 612.618958	Val Loss: 4.797023	Val Acc: 0.46875\
Train Epoch: 44 [8960/9600 (93%)]	Train Loss: 614.618958	Val Loss: 4.797023	Val Acc: 0.46875\
Train Epoch: 45 [0/9600 (0%)]	Train Loss: 613.618958	Val Loss: 4.793898	Val Acc: 0.78125\
Train Epoch: 45 [1280/9600 (13%)]	Train Loss: 612.618958	Val Loss: 4.792336	Val Acc: 0.9375\
Train Epoch: 45 [2560/9600 (27%)]	Train Loss: 611.618958	Val Loss: 4.790773	Val Acc: 1.09375\
Train Epoch: 45 [3840/9600 (40%)]	Train Loss: 612.618958	Val Loss: 4.798585	Val Acc: 0.3125\
Train Epoch: 45 [5120/9600 (53%)]	Train Loss: 614.618958	Val Loss: 4.795461	Val Acc: 0.625\
Train Epoch: 45 [6400/9600 (67%)]	Train Loss: 613.618958	Val Loss: 4.790773	Val Acc: 1.09375\
Train Epoch: 45 [7680/9600 (80%)]	Train Loss: 613.618958	Val Loss: 4.798585	Val Acc: 0.3125\
Train Epoch: 45 [8960/9600 (93%)]	Train Loss: 613.618958	Val Loss: 4.798585	Val Acc: 0.3125\
Train Epoch: 46 [0/9600 (0%)]	Train Loss: 611.618958	Val Loss: 4.795461	Val Acc: 0.625\
Train Epoch: 46 [1280/9600 (13%)]	Train Loss: 614.618958	Val Loss: 4.792336	Val Acc: 0.9375\
Train Epoch: 46 [2560/9600 (27%)]	Train Loss: 613.618958	Val Loss: 4.795461	Val Acc: 0.625\
Train Epoch: 46 [3840/9600 (40%)]	Train Loss: 613.618958	Val Loss: 4.795461	Val Acc: 0.625\
Train Epoch: 46 [5120/9600 (53%)]	Train Loss: 613.618958	Val Loss: 4.792336	Val Acc: 0.9375\
Train Epoch: 46 [6400/9600 (67%)]	Train Loss: 612.618958	Val Loss: 4.792336	Val Acc: 0.9375\
Train Epoch: 46 [7680/9600 (80%)]	Train Loss: 614.618958	Val Loss: 4.795461	Val Acc: 0.625\
Train Epoch: 46 [8960/9600 (93%)]	Train Loss: 611.618958	Val Loss: 4.793898	Val Acc: 0.78125\
Train Epoch: 47 [0/9600 (0%)]	Train Loss: 613.618958	Val Loss: 4.792336	Val Acc: 0.9375\
Train Epoch: 47 [1280/9600 (13%)]	Train Loss: 611.618958	Val Loss: 4.795461	Val Acc: 0.625\
Train Epoch: 47 [2560/9600 (27%)]	Train Loss: 612.618958	Val Loss: 4.792336	Val Acc: 0.9375\
Train Epoch: 47 [3840/9600 (40%)]	Train Loss: 614.618958	Val Loss: 4.798585	Val Acc: 0.3125\
Train Epoch: 47 [5120/9600 (53%)]	Train Loss: 614.618958	Val Loss: 4.795461	Val Acc: 0.625\
Train Epoch: 47 [6400/9600 (67%)]	Train Loss: 613.618958	Val Loss: 4.787648	Val Acc: 1.40625\
Train Epoch: 47 [7680/9600 (80%)]	Train Loss: 614.618958	Val Loss: 4.792336	Val Acc: 0.9375\
Train Epoch: 47 [8960/9600 (93%)]	Train Loss: 613.618958	Val Loss: 4.793898	Val Acc: 0.78125\
Train Epoch: 48 [0/9600 (0%)]	Train Loss: 614.618958	Val Loss: 4.793898	Val Acc: 0.78125\
Train Epoch: 48 [1280/9600 (13%)]	Train Loss: 612.618958	Val Loss: 4.793898	Val Acc: 0.78125\
Train Epoch: 48 [2560/9600 (27%)]	Train Loss: 612.618958	Val Loss: 4.792336	Val Acc: 0.9375\
Train Epoch: 48 [3840/9600 (40%)]	Train Loss: 613.618958	Val Loss: 4.789211	Val Acc: 1.25\
Train Epoch: 48 [5120/9600 (53%)]	Train Loss: 614.618958	Val Loss: 4.795461	Val Acc: 0.625\
Train Epoch: 48 [6400/9600 (67%)]	Train Loss: 614.618958	Val Loss: 4.787648	Val Acc: 1.40625\
Train Epoch: 48 [7680/9600 (80%)]	Train Loss: 614.618958	Val Loss: 4.786086	Val Acc: 1.5625\
Train Epoch: 48 [8960/9600 (93%)]	Train Loss: 614.618958	Val Loss: 4.790773	Val Acc: 1.09375\
Train Epoch: 49 [0/9600 (0%)]	Train Loss: 613.618958	Val Loss: 4.793898	Val Acc: 0.78125\
Train Epoch: 49 [1280/9600 (13%)]	Train Loss: 613.618958	Val Loss: 4.793898	Val Acc: 0.78125\
Train Epoch: 49 [2560/9600 (27%)]	Train Loss: 614.618958	Val Loss: 4.793898	Val Acc: 0.78125\
Train Epoch: 49 [3840/9600 (40%)]	Train Loss: 614.618958	Val Loss: 4.790773	Val Acc: 1.09375\
Train Epoch: 49 [5120/9600 (53%)]	Train Loss: 613.618958	Val Loss: 4.797023	Val Acc: 0.46875\
Train Epoch: 49 [6400/9600 (67%)]	Train Loss: 613.618958	Val Loss: 4.792336	Val Acc: 0.9375\
Train Epoch: 49 [7680/9600 (80%)]	Train Loss: 614.618958	Val Loss: 4.798585	Val Acc: 0.3125\
Train Epoch: 49 [8960/9600 (93%)]	Train Loss: 613.618958	Val Loss: 4.792336	Val Acc: 0.9375\
Train Epoch: 50 [0/9600 (0%)]	Train Loss: 612.618958	Val Loss: 4.792336	Val Acc: 0.9375\
Train Epoch: 50 [1280/9600 (13%)]	Train Loss: 614.618958	Val Loss: 4.793898	Val Acc: 0.78125\
Train Epoch: 50 [2560/9600 (27%)]	Train Loss: 614.618958	Val Loss: 4.790773	Val Acc: 1.09375\
Train Epoch: 50 [3840/9600 (40%)]	Train Loss: 613.618958	Val Loss: 4.792336	Val Acc: 0.9375\
Train Epoch: 50 [5120/9600 (53%)]	Train Loss: 612.618958	Val Loss: 4.795461	Val Acc: 0.625\
Train Epoch: 50 [6400/9600 (67%)]	Train Loss: 612.618958	Val Loss: 4.793898	Val Acc: 0.78125\
Train Epoch: 50 [7680/9600 (80%)]	Train Loss: 612.618958	Val Loss: 4.800148	Val Acc: 0.15625\
Train Epoch: 50 [8960/9600 (93%)]	Train Loss: 614.618958	Val Loss: 4.789211	Val Acc: 1.25\
Train Epoch: 51 [0/9600 (0%)]	Train Loss: 613.618958	Val Loss: 4.795461	Val Acc: 0.625\
Train Epoch: 51 [1280/9600 (13%)]	Train Loss: 612.618958	Val Loss: 4.797023	Val Acc: 0.46875\
Train Epoch: 51 [2560/9600 (27%)]	Train Loss: 612.618958	Val Loss: 4.797023	Val Acc: 0.46875\
Train Epoch: 51 [3840/9600 (40%)]	Train Loss: 613.618958	Val Loss: 4.790773	Val Acc: 1.09375\
Train Epoch: 51 [5120/9600 (53%)]	Train Loss: 614.618958	Val Loss: 4.790773	Val Acc: 1.09375\
Train Epoch: 51 [6400/9600 (67%)]	Train Loss: 613.618958	Val Loss: 4.793898	Val Acc: 0.78125\
Train Epoch: 51 [7680/9600 (80%)]	Train Loss: 614.618958	Val Loss: 4.798585	Val Acc: 0.3125\
Train Epoch: 51 [8960/9600 (93%)]	Train Loss: 612.618958	Val Loss: 4.793898	Val Acc: 0.78125\
Train Epoch: 52 [0/9600 (0%)]	Train Loss: 613.618958	Val Loss: 4.797023	Val Acc: 0.46875\
Train Epoch: 52 [1280/9600 (13%)]	Train Loss: 613.618958	Val Loss: 4.792336	Val Acc: 0.9375\
Train Epoch: 52 [2560/9600 (27%)]	Train Loss: 613.618958	Val Loss: 4.792336	Val Acc: 0.9375\
Train Epoch: 52 [3840/9600 (40%)]	Train Loss: 613.618958	Val Loss: 4.797023	Val Acc: 0.46875\
Train Epoch: 52 [5120/9600 (53%)]	Train Loss: 614.618958	Val Loss: 4.789211	Val Acc: 1.25\
Train Epoch: 52 [6400/9600 (67%)]	Train Loss: 612.618958	Val Loss: 4.793898	Val Acc: 0.78125\
Train Epoch: 52 [7680/9600 (80%)]	Train Loss: 614.618958	Val Loss: 4.792336	Val Acc: 0.9375\
Train Epoch: 52 [8960/9600 (93%)]	Train Loss: 613.618958	Val Loss: 4.792336	Val Acc: 0.9375\
Train Epoch: 53 [0/9600 (0%)]	Train Loss: 613.618958	Val Loss: 4.793898	Val Acc: 0.78125\
Train Epoch: 53 [1280/9600 (13%)]	Train Loss: 612.618958	Val Loss: 4.790773	Val Acc: 1.09375\
Train Epoch: 53 [2560/9600 (27%)]	Train Loss: 612.618958	Val Loss: 4.792336	Val Acc: 0.9375\
Train Epoch: 53 [3840/9600 (40%)]	Train Loss: 614.618958	Val Loss: 4.793898	Val Acc: 0.78125\
Train Epoch: 53 [5120/9600 (53%)]	Train Loss: 613.618958	Val Loss: 4.790773	Val Acc: 1.09375\
Train Epoch: 53 [6400/9600 (67%)]	Train Loss: 614.618958	Val Loss: 4.792336	Val Acc: 0.9375\
Train Epoch: 53 [7680/9600 (80%)]	Train Loss: 614.618958	Val Loss: 4.792336	Val Acc: 0.9375\
Train Epoch: 53 [8960/9600 (93%)]	Train Loss: 614.618958	Val Loss: 4.793898	Val Acc: 0.78125\
Train Epoch: 54 [0/9600 (0%)]	Train Loss: 613.618958	Val Loss: 4.795461	Val Acc: 0.625\
Train Epoch: 54 [1280/9600 (13%)]	Train Loss: 613.618958	Val Loss: 4.793898	Val Acc: 0.78125\
Train Epoch: 54 [2560/9600 (27%)]	Train Loss: 614.618958	Val Loss: 4.798585	Val Acc: 0.3125\
Train Epoch: 54 [3840/9600 (40%)]	Train Loss: 613.618958	Val Loss: 4.795461	Val Acc: 0.625\
Train Epoch: 54 [5120/9600 (53%)]	Train Loss: 613.618958	Val Loss: 4.790773	Val Acc: 1.09375\
Train Epoch: 54 [6400/9600 (67%)]	Train Loss: 614.618958	Val Loss: 4.782960	Val Acc: 1.875\
Train Epoch: 54 [7680/9600 (80%)]	Train Loss: 614.618958	Val Loss: 4.797023	Val Acc: 0.46875\
Train Epoch: 54 [8960/9600 (93%)]	Train Loss: 613.618958	Val Loss: 4.790773	Val Acc: 1.09375\
Train Epoch: 55 [0/9600 (0%)]	Train Loss: 612.618958	Val Loss: 4.798585	Val Acc: 0.3125\
Train Epoch: 55 [1280/9600 (13%)]	Train Loss: 613.618958	Val Loss: 4.792336	Val Acc: 0.9375\
Train Epoch: 55 [2560/9600 (27%)]	Train Loss: 612.618958	Val Loss: 4.793898	Val Acc: 0.78125\
Train Epoch: 55 [3840/9600 (40%)]	Train Loss: 613.618958	Val Loss: 4.798585	Val Acc: 0.3125\
Train Epoch: 55 [5120/9600 (53%)]	Train Loss: 612.618958	Val Loss: 4.793898	Val Acc: 0.78125\
Train Epoch: 55 [6400/9600 (67%)]	Train Loss: 614.618958	Val Loss: 4.792336	Val Acc: 0.9375\
Train Epoch: 55 [7680/9600 (80%)]	Train Loss: 614.618958	Val Loss: 4.797023	Val Acc: 0.46875\
Train Epoch: 55 [8960/9600 (93%)]	Train Loss: 611.618958	Val Loss: 4.792336	Val Acc: 0.9375\
Train Epoch: 56 [0/9600 (0%)]	Train Loss: 614.618958	Val Loss: 4.795461	Val Acc: 0.625\
Train Epoch: 56 [1280/9600 (13%)]	Train Loss: 612.618958	Val Loss: 4.797023	Val Acc: 0.46875\
Train Epoch: 56 [2560/9600 (27%)]	Train Loss: 613.618958	Val Loss: 4.789211	Val Acc: 1.25\
Train Epoch: 56 [3840/9600 (40%)]	Train Loss: 610.618958	Val Loss: 4.789211	Val Acc: 1.25\
Train Epoch: 56 [5120/9600 (53%)]	Train Loss: 613.618958	Val Loss: 4.792336	Val Acc: 0.9375\
Train Epoch: 56 [6400/9600 (67%)]	Train Loss: 613.618958	Val Loss: 4.790773	Val Acc: 1.09375\
Train Epoch: 56 [7680/9600 (80%)]	Train Loss: 614.618958	Val Loss: 4.801711	Val Acc: 0.0\
Train Epoch: 56 [8960/9600 (93%)]	Train Loss: 613.618958	Val Loss: 4.795461	Val Acc: 0.625\
Train Epoch: 57 [0/9600 (0%)]	Train Loss: 612.618958	Val Loss: 4.790773	Val Acc: 1.09375\
Train Epoch: 57 [1280/9600 (13%)]	Train Loss: 614.618958	Val Loss: 4.789211	Val Acc: 1.25\
Train Epoch: 57 [2560/9600 (27%)]	Train Loss: 613.618958	Val Loss: 4.797023	Val Acc: 0.46875\
Train Epoch: 57 [3840/9600 (40%)]	Train Loss: 613.618958	Val Loss: 4.789211	Val Acc: 1.25\
Train Epoch: 57 [5120/9600 (53%)]	Train Loss: 612.618958	Val Loss: 4.793898	Val Acc: 0.78125\
Train Epoch: 57 [6400/9600 (67%)]	Train Loss: 613.618958	Val Loss: 4.792336	Val Acc: 0.9375\
Train Epoch: 57 [7680/9600 (80%)]	Train Loss: 611.618958	Val Loss: 4.793898	Val Acc: 0.78125\
Train Epoch: 57 [8960/9600 (93%)]	Train Loss: 613.618958	Val Loss: 4.789211	Val Acc: 1.25\
Train Epoch: 58 [0/9600 (0%)]	Train Loss: 613.618958	Val Loss: 4.800148	Val Acc: 0.15625\
Train Epoch: 58 [1280/9600 (13%)]	Train Loss: 614.618958	Val Loss: 4.795461	Val Acc: 0.625\
Train Epoch: 58 [2560/9600 (27%)]	Train Loss: 612.618958	Val Loss: 4.795461	Val Acc: 0.625\
Train Epoch: 58 [3840/9600 (40%)]	Train Loss: 614.618958	Val Loss: 4.790773	Val Acc: 1.09375\
Train Epoch: 58 [5120/9600 (53%)]	Train Loss: 614.618958	Val Loss: 4.795461	Val Acc: 0.625\
Train Epoch: 58 [6400/9600 (67%)]	Train Loss: 614.618958	Val Loss: 4.790773	Val Acc: 1.09375\
Train Epoch: 58 [7680/9600 (80%)]	Train Loss: 614.618958	Val Loss: 4.790773	Val Acc: 1.09375\
Train Epoch: 58 [8960/9600 (93%)]	Train Loss: 612.618958	Val Loss: 4.790773	Val Acc: 1.09375\
Train Epoch: 59 [0/9600 (0%)]	Train Loss: 612.618958	Val Loss: 4.793898	Val Acc: 0.78125\
Train Epoch: 59 [1280/9600 (13%)]	Train Loss: 613.618958	Val Loss: 4.789211	Val Acc: 1.25\
Train Epoch: 59 [2560/9600 (27%)]	Train Loss: 614.618958	Val Loss: 4.798585	Val Acc: 0.3125\
Train Epoch: 59 [3840/9600 (40%)]	Train Loss: 612.618958	Val Loss: 4.790773	Val Acc: 1.09375\
Train Epoch: 59 [5120/9600 (53%)]	Train Loss: 612.618958	Val Loss: 4.797023	Val Acc: 0.46875\
Train Epoch: 59 [6400/9600 (67%)]	Train Loss: 612.618958	Val Loss: 4.790773	Val Acc: 1.09375\
Train Epoch: 59 [7680/9600 (80%)]	Train Loss: 612.618958	Val Loss: 4.795461	Val Acc: 0.625\
Train Epoch: 59 [8960/9600 (93%)]	Train Loss: 613.618958	Val Loss: 4.787648	Val Acc: 1.40625\
Train Epoch: 60 [0/9600 (0%)]	Train Loss: 611.618958	Val Loss: 4.790773	Val Acc: 1.09375\
Train Epoch: 60 [1280/9600 (13%)]	Train Loss: 613.618958	Val Loss: 4.795461	Val Acc: 0.625\
Train Epoch: 60 [2560/9600 (27%)]	Train Loss: 614.618958	Val Loss: 4.800148	Val Acc: 0.15625\
Train Epoch: 60 [3840/9600 (40%)]	Train Loss: 614.618958	Val Loss: 4.792336	Val Acc: 0.9375\
Train Epoch: 60 [5120/9600 (53%)]	Train Loss: 613.618958	Val Loss: 4.792336	Val Acc: 0.9375\
Train Epoch: 60 [6400/9600 (67%)]	Train Loss: 614.618958	Val Loss: 4.793898	Val Acc: 0.78125\
Train Epoch: 60 [7680/9600 (80%)]	Train Loss: 614.618958	Val Loss: 4.792336	Val Acc: 0.9375\
Train Epoch: 60 [8960/9600 (93%)]	Train Loss: 614.618958	Val Loss: 4.798585	Val Acc: 0.3125\
Train Epoch: 61 [0/9600 (0%)]	Train Loss: 611.618958	Val Loss: 4.792336	Val Acc: 0.9375\
Train Epoch: 61 [1280/9600 (13%)]	Train Loss: 613.618958	Val Loss: 4.790773	Val Acc: 1.09375\
Train Epoch: 61 [2560/9600 (27%)]	Train Loss: 612.618958	Val Loss: 4.793898	Val Acc: 0.78125\
Train Epoch: 61 [3840/9600 (40%)]	Train Loss: 611.618958	Val Loss: 4.797023	Val Acc: 0.46875\
Train Epoch: 61 [5120/9600 (53%)]	Train Loss: 613.618958	Val Loss: 4.790773	Val Acc: 1.09375\
Train Epoch: 61 [6400/9600 (67%)]	Train Loss: 612.618958	Val Loss: 4.797023	Val Acc: 0.46875\
Train Epoch: 61 [7680/9600 (80%)]	Train Loss: 613.618958	Val Loss: 4.793898	Val Acc: 0.78125\
Train Epoch: 61 [8960/9600 (93%)]	Train Loss: 614.618958	Val Loss: 4.795461	Val Acc: 0.625\
Train Epoch: 62 [0/9600 (0%)]	Train Loss: 610.618958	Val Loss: 4.795461	Val Acc: 0.625\
Train Epoch: 62 [1280/9600 (13%)]	Train Loss: 613.618958	Val Loss: 4.793898	Val Acc: 0.78125\
Train Epoch: 62 [2560/9600 (27%)]	Train Loss: 612.618958	Val Loss: 4.789211	Val Acc: 1.25\
Train Epoch: 62 [3840/9600 (40%)]	Train Loss: 614.618958	Val Loss: 4.795461	Val Acc: 0.625\
Train Epoch: 62 [5120/9600 (53%)]	Train Loss: 613.618958	Val Loss: 4.793898	Val Acc: 0.78125\
Train Epoch: 62 [6400/9600 (67%)]	Train Loss: 614.618958	Val Loss: 4.792336	Val Acc: 0.9375\
Train Epoch: 62 [7680/9600 (80%)]	Train Loss: 610.618958	Val Loss: 4.798585	Val Acc: 0.3125\
Train Epoch: 62 [8960/9600 (93%)]	Train Loss: 613.618958	Val Loss: 4.795461	Val Acc: 0.625\
Train Epoch: 63 [0/9600 (0%)]	Train Loss: 613.618958	Val Loss: 4.793898	Val Acc: 0.78125\
Train Epoch: 63 [1280/9600 (13%)]	Train Loss: 613.618958	Val Loss: 4.795461	Val Acc: 0.625\
Train Epoch: 63 [2560/9600 (27%)]	Train Loss: 611.618958	Val Loss: 4.793898	Val Acc: 0.78125\
Train Epoch: 63 [3840/9600 (40%)]	Train Loss: 614.618958	Val Loss: 4.797023	Val Acc: 0.46875\
Train Epoch: 63 [5120/9600 (53%)]	Train Loss: 612.618958	Val Loss: 4.795461	Val Acc: 0.625\
Train Epoch: 63 [6400/9600 (67%)]	Train Loss: 612.618958	Val Loss: 4.792336	Val Acc: 0.9375\
Train Epoch: 63 [7680/9600 (80%)]	Train Loss: 614.618958	Val Loss: 4.793898	Val Acc: 0.78125\
Train Epoch: 63 [8960/9600 (93%)]	Train Loss: 613.618958	Val Loss: 4.793898	Val Acc: 0.78125\
Train Epoch: 64 [0/9600 (0%)]	Train Loss: 612.618958	Val Loss: 4.797023	Val Acc: 0.46875\
Train Epoch: 64 [1280/9600 (13%)]	Train Loss: 613.618958	Val Loss: 4.795461	Val Acc: 0.625\
Train Epoch: 64 [2560/9600 (27%)]	Train Loss: 613.618958	Val Loss: 4.798585	Val Acc: 0.3125\
Train Epoch: 64 [3840/9600 (40%)]	Train Loss: 612.618958	Val Loss: 4.784523	Val Acc: 1.71875\
Train Epoch: 64 [5120/9600 (53%)]	Train Loss: 611.618958	Val Loss: 4.795461	Val Acc: 0.625\
Train Epoch: 64 [6400/9600 (67%)]	Train Loss: 613.618958	Val Loss: 4.787648	Val Acc: 1.40625\
Train Epoch: 64 [7680/9600 (80%)]	Train Loss: 614.618958	Val Loss: 4.795461	Val Acc: 0.625\
Train Epoch: 64 [8960/9600 (93%)]	Train Loss: 613.618958	Val Loss: 4.793898	Val Acc: 0.78125\
Train Epoch: 65 [0/9600 (0%)]	Train Loss: 613.618958	Val Loss: 4.795461	Val Acc: 0.625\
Train Epoch: 65 [1280/9600 (13%)]	Train Loss: 611.618958	Val Loss: 4.790773	Val Acc: 1.09375\
Train Epoch: 65 [2560/9600 (27%)]	Train Loss: 614.618958	Val Loss: 4.790773	Val Acc: 1.09375\
Train Epoch: 65 [3840/9600 (40%)]	Train Loss: 611.618958	Val Loss: 4.795461	Val Acc: 0.625\
Train Epoch: 65 [5120/9600 (53%)]	Train Loss: 613.618958	Val Loss: 4.795461	Val Acc: 0.625\
Train Epoch: 65 [6400/9600 (67%)]	Train Loss: 614.618958	Val Loss: 4.787648	Val Acc: 1.40625\
Train Epoch: 65 [7680/9600 (80%)]	Train Loss: 611.618958	Val Loss: 4.790773	Val Acc: 1.09375\
Train Epoch: 65 [8960/9600 (93%)]	Train Loss: 614.618958	Val Loss: 4.793898	Val Acc: 0.78125\
Train Epoch: 66 [0/9600 (0%)]	Train Loss: 614.618958	Val Loss: 4.790773	Val Acc: 1.09375\
Train Epoch: 66 [1280/9600 (13%)]	Train Loss: 614.618958	Val Loss: 4.795461	Val Acc: 0.625\
Train Epoch: 66 [2560/9600 (27%)]	Train Loss: 613.618958	Val Loss: 4.797023	Val Acc: 0.46875\
Train Epoch: 66 [3840/9600 (40%)]	Train Loss: 614.618958	Val Loss: 4.793898	Val Acc: 0.78125\
Train Epoch: 66 [5120/9600 (53%)]	Train Loss: 613.618958	Val Loss: 4.793898	Val Acc: 0.78125\
Train Epoch: 66 [6400/9600 (67%)]	Train Loss: 614.618958	Val Loss: 4.797023	Val Acc: 0.46875\
Train Epoch: 66 [7680/9600 (80%)]	Train Loss: 612.618958	Val Loss: 4.793898	Val Acc: 0.78125\
Train Epoch: 66 [8960/9600 (93%)]	Train Loss: 613.618958	Val Loss: 4.792336	Val Acc: 0.9375\
Train Epoch: 67 [0/9600 (0%)]	Train Loss: 613.618958	Val Loss: 4.793898	Val Acc: 0.78125\
Train Epoch: 67 [1280/9600 (13%)]	Train Loss: 613.618958	Val Loss: 4.790773	Val Acc: 1.09375\
Train Epoch: 67 [2560/9600 (27%)]	Train Loss: 614.618958	Val Loss: 4.792336	Val Acc: 0.9375\
Train Epoch: 67 [3840/9600 (40%)]	Train Loss: 612.618958	Val Loss: 4.795461	Val Acc: 0.625\
Train Epoch: 67 [5120/9600 (53%)]	Train Loss: 614.618958	Val Loss: 4.790773	Val Acc: 1.09375\
Train Epoch: 67 [6400/9600 (67%)]	Train Loss: 612.618958	Val Loss: 4.792336	Val Acc: 0.9375\
Train Epoch: 67 [7680/9600 (80%)]	Train Loss: 612.618958	Val Loss: 4.797023	Val Acc: 0.46875\
Train Epoch: 67 [8960/9600 (93%)]	Train Loss: 614.618958	Val Loss: 4.797023	Val Acc: 0.46875\
Train Epoch: 68 [0/9600 (0%)]	Train Loss: 614.618958	Val Loss: 4.797023	Val Acc: 0.46875\
Train Epoch: 68 [1280/9600 (13%)]	Train Loss: 613.618958	Val Loss: 4.792336	Val Acc: 0.9375\
Train Epoch: 68 [2560/9600 (27%)]	Train Loss: 612.618958	Val Loss: 4.787648	Val Acc: 1.40625\
Train Epoch: 68 [3840/9600 (40%)]	Train Loss: 611.618958	Val Loss: 4.790773	Val Acc: 1.09375\
Train Epoch: 68 [5120/9600 (53%)]	Train Loss: 613.618958	Val Loss: 4.795461	Val Acc: 0.625\
Train Epoch: 68 [6400/9600 (67%)]	Train Loss: 614.618958	Val Loss: 4.789211	Val Acc: 1.25\
Train Epoch: 68 [7680/9600 (80%)]	Train Loss: 613.618958	Val Loss: 4.795461	Val Acc: 0.625\
Train Epoch: 68 [8960/9600 (93%)]	Train Loss: 614.618958	Val Loss: 4.795461	Val Acc: 0.625\
Train Epoch: 69 [0/9600 (0%)]	Train Loss: 613.618958	Val Loss: 4.792336	Val Acc: 0.9375\
Train Epoch: 69 [1280/9600 (13%)]	Train Loss: 614.618958	Val Loss: 4.790773	Val Acc: 1.09375\
Train Epoch: 69 [2560/9600 (27%)]	Train Loss: 614.618958	Val Loss: 4.790773	Val Acc: 1.09375\
Train Epoch: 69 [3840/9600 (40%)]	Train Loss: 613.618958	Val Loss: 4.795461	Val Acc: 0.625\
Train Epoch: 69 [5120/9600 (53%)]	Train Loss: 613.618958	Val Loss: 4.797023	Val Acc: 0.46875\
Train Epoch: 69 [6400/9600 (67%)]	Train Loss: 614.618958	Val Loss: 4.789211	Val Acc: 1.25\
Train Epoch: 69 [7680/9600 (80%)]	Train Loss: 613.618958	Val Loss: 4.795461	Val Acc: 0.625\
Train Epoch: 69 [8960/9600 (93%)]	Train Loss: 614.618958	Val Loss: 4.792336	Val Acc: 0.9375\
Train Epoch: 70 [0/9600 (0%)]	Train Loss: 612.618958	Val Loss: 4.793898	Val Acc: 0.78125\
Train Epoch: 70 [1280/9600 (13%)]	Train Loss: 613.618958	Val Loss: 4.792336	Val Acc: 0.9375\
Train Epoch: 70 [2560/9600 (27%)]	Train Loss: 613.618958	Val Loss: 4.800148	Val Acc: 0.15625\
Train Epoch: 70 [3840/9600 (40%)]	Train Loss: 612.618958	Val Loss: 4.795461	Val Acc: 0.625\
Train Epoch: 70 [5120/9600 (53%)]	Train Loss: 613.618958	Val Loss: 4.800148	Val Acc: 0.15625\
Train Epoch: 70 [6400/9600 (67%)]	Train Loss: 611.618958	Val Loss: 4.790773	Val Acc: 1.09375\
Train Epoch: 70 [7680/9600 (80%)]	Train Loss: 613.618958	Val Loss: 4.787648	Val Acc: 1.40625\
Train Epoch: 70 [8960/9600 (93%)]	Train Loss: 612.618958	Val Loss: 4.795461	Val Acc: 0.625\
Train Epoch: 71 [0/9600 (0%)]	Train Loss: 612.618958	Val Loss: 4.795461	Val Acc: 0.625\
Train Epoch: 71 [1280/9600 (13%)]	Train Loss: 611.618958	Val Loss: 4.793898	Val Acc: 0.78125\
Train Epoch: 71 [2560/9600 (27%)]	Train Loss: 613.618958	Val Loss: 4.792336	Val Acc: 0.9375\
Train Epoch: 71 [3840/9600 (40%)]	Train Loss: 613.618958	Val Loss: 4.797023	Val Acc: 0.46875\
Train Epoch: 71 [5120/9600 (53%)]	Train Loss: 614.618958	Val Loss: 4.792336	Val Acc: 0.9375\
Train Epoch: 71 [6400/9600 (67%)]	Train Loss: 611.618958	Val Loss: 4.792336	Val Acc: 0.9375\
Train Epoch: 71 [7680/9600 (80%)]	Train Loss: 612.618958	Val Loss: 4.795461	Val Acc: 0.625\
Train Epoch: 71 [8960/9600 (93%)]	Train Loss: 613.618958	Val Loss: 4.797023	Val Acc: 0.46875\
Train Epoch: 72 [0/9600 (0%)]	Train Loss: 612.618958	Val Loss: 4.797023	Val Acc: 0.46875\
Train Epoch: 72 [1280/9600 (13%)]	Train Loss: 613.618958	Val Loss: 4.792336	Val Acc: 0.9375\
Train Epoch: 72 [2560/9600 (27%)]	Train Loss: 613.618958	Val Loss: 4.792336	Val Acc: 0.9375\
Train Epoch: 72 [3840/9600 (40%)]	Train Loss: 613.618958	Val Loss: 4.798585	Val Acc: 0.3125\
Train Epoch: 72 [5120/9600 (53%)]	Train Loss: 614.618958	Val Loss: 4.797023	Val Acc: 0.46875\
Train Epoch: 72 [6400/9600 (67%)]	Train Loss: 612.618958	Val Loss: 4.793898	Val Acc: 0.78125\
Train Epoch: 72 [7680/9600 (80%)]	Train Loss: 614.618958	Val Loss: 4.800148	Val Acc: 0.15625\
Train Epoch: 72 [8960/9600 (93%)]	Train Loss: 613.618958	Val Loss: 4.790773	Val Acc: 1.09375\
Train Epoch: 73 [0/9600 (0%)]	Train Loss: 612.618958	Val Loss: 4.790773	Val Acc: 1.09375\
Train Epoch: 73 [1280/9600 (13%)]	Train Loss: 612.618958	Val Loss: 4.792336	Val Acc: 0.9375\
Train Epoch: 73 [2560/9600 (27%)]	Train Loss: 612.618958	Val Loss: 4.787648	Val Acc: 1.40625\
Train Epoch: 73 [3840/9600 (40%)]	Train Loss: 613.618958	Val Loss: 4.797023	Val Acc: 0.46875\
Train Epoch: 73 [5120/9600 (53%)]	Train Loss: 613.618958	Val Loss: 4.797023	Val Acc: 0.46875\
Train Epoch: 73 [6400/9600 (67%)]	Train Loss: 613.618958	Val Loss: 4.789211	Val Acc: 1.25\
Train Epoch: 73 [7680/9600 (80%)]	Train Loss: 613.618958	Val Loss: 4.797023	Val Acc: 0.46875\
Train Epoch: 73 [8960/9600 (93%)]	Train Loss: 612.618958	Val Loss: 4.787648	Val Acc: 1.40625\
Train Epoch: 74 [0/9600 (0%)]	Train Loss: 614.618958	Val Loss: 4.789211	Val Acc: 1.25\
Train Epoch: 74 [1280/9600 (13%)]	Train Loss: 614.618958	Val Loss: 4.787648	Val Acc: 1.40625\
Train Epoch: 74 [2560/9600 (27%)]	Train Loss: 612.618958	Val Loss: 4.786086	Val Acc: 1.5625\
Train Epoch: 74 [3840/9600 (40%)]	Train Loss: 614.618958	Val Loss: 4.795461	Val Acc: 0.625\
Train Epoch: 74 [5120/9600 (53%)]	Train Loss: 611.618958	Val Loss: 4.789211	Val Acc: 1.25\
Train Epoch: 74 [6400/9600 (67%)]	Train Loss: 614.618958	Val Loss: 4.797023	Val Acc: 0.46875\
Train Epoch: 74 [7680/9600 (80%)]	Train Loss: 613.618958	Val Loss: 4.793898	Val Acc: 0.78125\
Train Epoch: 74 [8960/9600 (93%)]	Train Loss: 614.618958	Val Loss: 4.792336	Val Acc: 0.9375\
Train Epoch: 75 [0/9600 (0%)]	Train Loss: 613.618958	Val Loss: 4.790773	Val Acc: 1.09375\
Train Epoch: 75 [1280/9600 (13%)]	Train Loss: 613.618958	Val Loss: 4.790773	Val Acc: 1.09375\
Train Epoch: 75 [2560/9600 (27%)]	Train Loss: 614.618958	Val Loss: 4.784523	Val Acc: 1.71875\
Train Epoch: 75 [3840/9600 (40%)]	Train Loss: 614.618958	Val Loss: 4.797023	Val Acc: 0.46875\
Train Epoch: 75 [5120/9600 (53%)]	Train Loss: 614.618958	Val Loss: 4.797023	Val Acc: 0.46875\
Train Epoch: 75 [6400/9600 (67%)]	Train Loss: 611.618958	Val Loss: 4.797023	Val Acc: 0.46875\
Train Epoch: 75 [7680/9600 (80%)]	Train Loss: 613.618958	Val Loss: 4.789211	Val Acc: 1.25\
Train Epoch: 75 [8960/9600 (93%)]	Train Loss: 614.618958	Val Loss: 4.789211	Val Acc: 1.25\
Train Epoch: 76 [0/9600 (0%)]	Train Loss: 611.618958	Val Loss: 4.797023	Val Acc: 0.46875\
Train Epoch: 76 [1280/9600 (13%)]	Train Loss: 613.618958	Val Loss: 4.793898	Val Acc: 0.78125\
Train Epoch: 76 [2560/9600 (27%)]	Train Loss: 614.618958	Val Loss: 4.795461	Val Acc: 0.625\
Train Epoch: 76 [3840/9600 (40%)]	Train Loss: 612.618958	Val Loss: 4.792336	Val Acc: 0.9375\
Train Epoch: 76 [5120/9600 (53%)]	Train Loss: 614.618958	Val Loss: 4.789211	Val Acc: 1.25\
Train Epoch: 76 [6400/9600 (67%)]	Train Loss: 613.618958	Val Loss: 4.795461	Val Acc: 0.625\
Train Epoch: 76 [7680/9600 (80%)]	Train Loss: 612.618958	Val Loss: 4.797023	Val Acc: 0.46875\
Train Epoch: 76 [8960/9600 (93%)]	Train Loss: 614.618958	Val Loss: 4.789211	Val Acc: 1.25\
Train Epoch: 77 [0/9600 (0%)]	Train Loss: 613.618958	Val Loss: 4.798585	Val Acc: 0.3125\
Train Epoch: 77 [1280/9600 (13%)]	Train Loss: 613.618958	Val Loss: 4.790773	Val Acc: 1.09375\
Train Epoch: 77 [2560/9600 (27%)]	Train Loss: 611.618958	Val Loss: 4.795461	Val Acc: 0.625\
Train Epoch: 77 [3840/9600 (40%)]	Train Loss: 614.618958	Val Loss: 4.792336	Val Acc: 0.9375\
Train Epoch: 77 [5120/9600 (53%)]	Train Loss: 612.618958	Val Loss: 4.795461	Val Acc: 0.625\
Train Epoch: 77 [6400/9600 (67%)]	Train Loss: 613.618958	Val Loss: 4.793898	Val Acc: 0.78125\
Train Epoch: 77 [7680/9600 (80%)]	Train Loss: 614.618958	Val Loss: 4.790773	Val Acc: 1.09375\
Train Epoch: 77 [8960/9600 (93%)]	Train Loss: 613.618958	Val Loss: 4.792336	Val Acc: 0.9375\
Train Epoch: 78 [0/9600 (0%)]	Train Loss: 611.618958	Val Loss: 4.795461	Val Acc: 0.625\
Train Epoch: 78 [1280/9600 (13%)]	Train Loss: 612.618958	Val Loss: 4.790773	Val Acc: 1.09375\
Train Epoch: 78 [2560/9600 (27%)]	Train Loss: 612.618958	Val Loss: 4.798585	Val Acc: 0.3125\
Train Epoch: 78 [3840/9600 (40%)]	Train Loss: 613.618958	Val Loss: 4.797023	Val Acc: 0.46875\
Train Epoch: 78 [5120/9600 (53%)]	Train Loss: 612.618958	Val Loss: 4.789211	Val Acc: 1.25\
Train Epoch: 78 [6400/9600 (67%)]	Train Loss: 614.618958	Val Loss: 4.798585	Val Acc: 0.3125\
Train Epoch: 78 [7680/9600 (80%)]	Train Loss: 613.618958	Val Loss: 4.798585	Val Acc: 0.3125\
Train Epoch: 78 [8960/9600 (93%)]	Train Loss: 613.618958	Val Loss: 4.793898	Val Acc: 0.78125\
Train Epoch: 79 [0/9600 (0%)]	Train Loss: 611.618958	Val Loss: 4.787648	Val Acc: 1.40625\
Train Epoch: 79 [1280/9600 (13%)]	Train Loss: 613.618958	Val Loss: 4.790773	Val Acc: 1.09375\
Train Epoch: 79 [2560/9600 (27%)]	Train Loss: 612.618958	Val Loss: 4.798585	Val Acc: 0.3125\
Train Epoch: 79 [3840/9600 (40%)]	Train Loss: 614.618958	Val Loss: 4.797023	Val Acc: 0.46875\
Train Epoch: 79 [5120/9600 (53%)]	Train Loss: 612.618958	Val Loss: 4.792336	Val Acc: 0.9375\
Train Epoch: 79 [6400/9600 (67%)]	Train Loss: 611.618958	Val Loss: 4.795461	Val Acc: 0.625\
Train Epoch: 79 [7680/9600 (80%)]	Train Loss: 612.618958	Val Loss: 4.790773	Val Acc: 1.09375\
Train Epoch: 79 [8960/9600 (93%)]	Train Loss: 614.618958	Val Loss: 4.795461	Val Acc: 0.625\
Train Epoch: 80 [0/9600 (0%)]	Train Loss: 612.618958	Val Loss: 4.797023	Val Acc: 0.46875\
Train Epoch: 80 [1280/9600 (13%)]	Train Loss: 612.618958	Val Loss: 4.790773	Val Acc: 1.09375\
Train Epoch: 80 [2560/9600 (27%)]	Train Loss: 614.618958	Val Loss: 4.793898	Val Acc: 0.78125\
Train Epoch: 80 [3840/9600 (40%)]	Train Loss: 613.618958	Val Loss: 4.792336	Val Acc: 0.9375\
Train Epoch: 80 [5120/9600 (53%)]	Train Loss: 611.618958	Val Loss: 4.790773	Val Acc: 1.09375\
Train Epoch: 80 [6400/9600 (67%)]	Train Loss: 612.618958	Val Loss: 4.789211	Val Acc: 1.25\
Train Epoch: 80 [7680/9600 (80%)]	Train Loss: 614.618958	Val Loss: 4.795461	Val Acc: 0.625\
Train Epoch: 80 [8960/9600 (93%)]	Train Loss: 614.618958	Val Loss: 4.792336	Val Acc: 0.9375\
Train Epoch: 81 [0/9600 (0%)]	Train Loss: 614.618958	Val Loss: 4.789211	Val Acc: 1.25\
Train Epoch: 81 [1280/9600 (13%)]	Train Loss: 612.618958	Val Loss: 4.795461	Val Acc: 0.625\
Train Epoch: 81 [2560/9600 (27%)]	Train Loss: 613.618958	Val Loss: 4.798585	Val Acc: 0.3125\
Train Epoch: 81 [3840/9600 (40%)]	Train Loss: 612.618958	Val Loss: 4.789211	Val Acc: 1.25\
Train Epoch: 81 [5120/9600 (53%)]	Train Loss: 613.618958	Val Loss: 4.793898	Val Acc: 0.78125\
Train Epoch: 81 [6400/9600 (67%)]	Train Loss: 614.618958	Val Loss: 4.792336	Val Acc: 0.9375\
Train Epoch: 81 [7680/9600 (80%)]	Train Loss: 614.618958	Val Loss: 4.797023	Val Acc: 0.46875\
Train Epoch: 81 [8960/9600 (93%)]	Train Loss: 614.618958	Val Loss: 4.790773	Val Acc: 1.09375\
Train Epoch: 82 [0/9600 (0%)]	Train Loss: 614.618958	Val Loss: 4.798585	Val Acc: 0.3125\
Train Epoch: 82 [1280/9600 (13%)]	Train Loss: 613.618958	Val Loss: 4.795461	Val Acc: 0.625\
Train Epoch: 82 [2560/9600 (27%)]	Train Loss: 612.618958	Val Loss: 4.792336	Val Acc: 0.9375\
Train Epoch: 82 [3840/9600 (40%)]	Train Loss: 613.618958	Val Loss: 4.795461	Val Acc: 0.625\
Train Epoch: 82 [5120/9600 (53%)]	Train Loss: 613.618958	Val Loss: 4.793898	Val Acc: 0.78125\
Train Epoch: 82 [6400/9600 (67%)]	Train Loss: 613.618958	Val Loss: 4.795461	Val Acc: 0.625\
Train Epoch: 82 [7680/9600 (80%)]	Train Loss: 613.618958	Val Loss: 4.790773	Val Acc: 1.09375\
Train Epoch: 82 [8960/9600 (93%)]	Train Loss: 614.618958	Val Loss: 4.795461	Val Acc: 0.625\
Train Epoch: 83 [0/9600 (0%)]	Train Loss: 613.618958	Val Loss: 4.797023	Val Acc: 0.46875\
Train Epoch: 83 [1280/9600 (13%)]	Train Loss: 612.618958	Val Loss: 4.797023	Val Acc: 0.46875\
Train Epoch: 83 [2560/9600 (27%)]	Train Loss: 612.618958	Val Loss: 4.797023	Val Acc: 0.46875\
Train Epoch: 83 [3840/9600 (40%)]	Train Loss: 613.618958	Val Loss: 4.789211	Val Acc: 1.25\
Train Epoch: 83 [5120/9600 (53%)]	Train Loss: 614.618958	Val Loss: 4.795461	Val Acc: 0.625\
Train Epoch: 83 [6400/9600 (67%)]	Train Loss: 613.618958	Val Loss: 4.797023	Val Acc: 0.46875\
Train Epoch: 83 [7680/9600 (80%)]	Train Loss: 614.618958	Val Loss: 4.786086	Val Acc: 1.5625\
Train Epoch: 83 [8960/9600 (93%)]	Train Loss: 613.618958	Val Loss: 4.787648	Val Acc: 1.40625\
Train Epoch: 84 [0/9600 (0%)]	Train Loss: 613.618958	Val Loss: 4.792336	Val Acc: 0.9375\
Train Epoch: 84 [1280/9600 (13%)]	Train Loss: 613.618958	Val Loss: 4.797023	Val Acc: 0.46875\
Train Epoch: 84 [2560/9600 (27%)]	Train Loss: 614.618958	Val Loss: 4.795461	Val Acc: 0.625\
Train Epoch: 84 [3840/9600 (40%)]	Train Loss: 614.618958	Val Loss: 4.793898	Val Acc: 0.78125\
Train Epoch: 84 [5120/9600 (53%)]	Train Loss: 614.618958	Val Loss: 4.797023	Val Acc: 0.46875\
Train Epoch: 84 [6400/9600 (67%)]	Train Loss: 611.618958	Val Loss: 4.795461	Val Acc: 0.625\
Train Epoch: 84 [7680/9600 (80%)]	Train Loss: 614.618958	Val Loss: 4.792336	Val Acc: 0.9375\
Train Epoch: 84 [8960/9600 (93%)]	Train Loss: 614.618958	Val Loss: 4.795461	Val Acc: 0.625\
Train Epoch: 85 [0/9600 (0%)]	Train Loss: 614.618958	Val Loss: 4.795461	Val Acc: 0.625\
Train Epoch: 85 [1280/9600 (13%)]	Train Loss: 614.618958	Val Loss: 4.789211	Val Acc: 1.25\
Train Epoch: 85 [2560/9600 (27%)]	Train Loss: 610.618958	Val Loss: 4.790773	Val Acc: 1.09375\
Train Epoch: 85 [3840/9600 (40%)]	Train Loss: 614.618958	Val Loss: 4.798585	Val Acc: 0.3125\
Train Epoch: 85 [5120/9600 (53%)]	Train Loss: 611.618958	Val Loss: 4.790773	Val Acc: 1.09375\
Train Epoch: 85 [6400/9600 (67%)]	Train Loss: 612.618958	Val Loss: 4.792336	Val Acc: 0.9375\
Train Epoch: 85 [7680/9600 (80%)]	Train Loss: 612.618958	Val Loss: 4.793898	Val Acc: 0.78125\
Train Epoch: 85 [8960/9600 (93%)]	Train Loss: 613.618958	Val Loss: 4.793898	Val Acc: 0.78125\
Train Epoch: 86 [0/9600 (0%)]	Train Loss: 613.618958	Val Loss: 4.790773	Val Acc: 1.09375\
Train Epoch: 86 [1280/9600 (13%)]	Train Loss: 612.618958	Val Loss: 4.787648	Val Acc: 1.40625\
Train Epoch: 86 [2560/9600 (27%)]	Train Loss: 614.618958	Val Loss: 4.790773	Val Acc: 1.09375\
Train Epoch: 86 [3840/9600 (40%)]	Train Loss: 613.618958	Val Loss: 4.789211	Val Acc: 1.25\
Train Epoch: 86 [5120/9600 (53%)]	Train Loss: 614.618958	Val Loss: 4.797023	Val Acc: 0.46875\
Train Epoch: 86 [6400/9600 (67%)]	Train Loss: 614.618958	Val Loss: 4.795461	Val Acc: 0.625\
Train Epoch: 86 [7680/9600 (80%)]	Train Loss: 611.618958	Val Loss: 4.797023	Val Acc: 0.46875\
Train Epoch: 86 [8960/9600 (93%)]	Train Loss: 612.618958	Val Loss: 4.790773	Val Acc: 1.09375\
Train Epoch: 87 [0/9600 (0%)]	Train Loss: 614.618958	Val Loss: 4.792336	Val Acc: 0.9375\
Train Epoch: 87 [1280/9600 (13%)]	Train Loss: 612.618958	Val Loss: 4.795461	Val Acc: 0.625\
Train Epoch: 87 [2560/9600 (27%)]	Train Loss: 614.618958	Val Loss: 4.790773	Val Acc: 1.09375\
Train Epoch: 87 [3840/9600 (40%)]	Train Loss: 612.618958	Val Loss: 4.795461	Val Acc: 0.625\
Train Epoch: 87 [5120/9600 (53%)]	Train Loss: 613.618958	Val Loss: 4.795461	Val Acc: 0.625\
Train Epoch: 87 [6400/9600 (67%)]	Train Loss: 612.618958	Val Loss: 4.798585	Val Acc: 0.3125\
Train Epoch: 87 [7680/9600 (80%)]	Train Loss: 614.618958	Val Loss: 4.792336	Val Acc: 0.9375\
Train Epoch: 87 [8960/9600 (93%)]	Train Loss: 614.618958	Val Loss: 4.787648	Val Acc: 1.40625\
Train Epoch: 88 [0/9600 (0%)]	Train Loss: 614.618958	Val Loss: 4.797023	Val Acc: 0.46875\
Train Epoch: 88 [1280/9600 (13%)]	Train Loss: 613.618958	Val Loss: 4.797023	Val Acc: 0.46875\
Train Epoch: 88 [2560/9600 (27%)]	Train Loss: 611.618958	Val Loss: 4.790773	Val Acc: 1.09375\
Train Epoch: 88 [3840/9600 (40%)]	Train Loss: 613.618958	Val Loss: 4.790773	Val Acc: 1.09375\
Train Epoch: 88 [5120/9600 (53%)]	Train Loss: 614.618958	Val Loss: 4.797023	Val Acc: 0.46875\
Train Epoch: 88 [6400/9600 (67%)]	Train Loss: 614.618958	Val Loss: 4.790773	Val Acc: 1.09375\
Train Epoch: 88 [7680/9600 (80%)]	Train Loss: 613.618958	Val Loss: 4.792336	Val Acc: 0.9375\
Train Epoch: 88 [8960/9600 (93%)]	Train Loss: 611.618958	Val Loss: 4.793898	Val Acc: 0.78125\
Train Epoch: 89 [0/9600 (0%)]	Train Loss: 613.618958	Val Loss: 4.797023	Val Acc: 0.46875\
Train Epoch: 89 [1280/9600 (13%)]	Train Loss: 614.618958	Val Loss: 4.798585	Val Acc: 0.3125\
Train Epoch: 89 [2560/9600 (27%)]	Train Loss: 612.618958	Val Loss: 4.790773	Val Acc: 1.09375\
Train Epoch: 89 [3840/9600 (40%)]	Train Loss: 614.618958	Val Loss: 4.790773	Val Acc: 1.09375\
Train Epoch: 89 [5120/9600 (53%)]	Train Loss: 614.618958	Val Loss: 4.793898	Val Acc: 0.78125\
Train Epoch: 89 [6400/9600 (67%)]	Train Loss: 611.618958	Val Loss: 4.786086	Val Acc: 1.5625\
Train Epoch: 89 [7680/9600 (80%)]	Train Loss: 613.618958	Val Loss: 4.792336	Val Acc: 0.9375\
Train Epoch: 89 [8960/9600 (93%)]	Train Loss: 614.618958	Val Loss: 4.793898	Val Acc: 0.78125\
Train Epoch: 90 [0/9600 (0%)]	Train Loss: 611.618958	Val Loss: 4.797023	Val Acc: 0.46875\
Train Epoch: 90 [1280/9600 (13%)]	Train Loss: 613.618958	Val Loss: 4.792336	Val Acc: 0.9375\
Train Epoch: 90 [2560/9600 (27%)]	Train Loss: 612.618958	Val Loss: 4.797023	Val Acc: 0.46875\
Train Epoch: 90 [3840/9600 (40%)]	Train Loss: 612.618958	Val Loss: 4.787648	Val Acc: 1.40625\
Train Epoch: 90 [5120/9600 (53%)]	Train Loss: 614.618958	Val Loss: 4.793898	Val Acc: 0.78125\
Train Epoch: 90 [6400/9600 (67%)]	Train Loss: 613.618958	Val Loss: 4.795461	Val Acc: 0.625\
Train Epoch: 90 [7680/9600 (80%)]	Train Loss: 611.618958	Val Loss: 4.797023	Val Acc: 0.46875\
Train Epoch: 90 [8960/9600 (93%)]	Train Loss: 613.618958	Val Loss: 4.789211	Val Acc: 1.25\
Train Epoch: 91 [0/9600 (0%)]	Train Loss: 614.618958	Val Loss: 4.792336	Val Acc: 0.9375\
Train Epoch: 91 [1280/9600 (13%)]	Train Loss: 613.618958	Val Loss: 4.797023	Val Acc: 0.46875\
Train Epoch: 91 [2560/9600 (27%)]	Train Loss: 612.618958	Val Loss: 4.795461	Val Acc: 0.625\
Train Epoch: 91 [3840/9600 (40%)]	Train Loss: 612.618958	Val Loss: 4.797023	Val Acc: 0.46875\
Train Epoch: 91 [5120/9600 (53%)]	Train Loss: 612.618958	Val Loss: 4.787648	Val Acc: 1.40625\
Train Epoch: 91 [6400/9600 (67%)]	Train Loss: 614.618958	Val Loss: 4.787648	Val Acc: 1.40625\
Train Epoch: 91 [7680/9600 (80%)]	Train Loss: 614.618958	Val Loss: 4.795461	Val Acc: 0.625\
Train Epoch: 91 [8960/9600 (93%)]	Train Loss: 612.618958	Val Loss: 4.792336	Val Acc: 0.9375\
Train Epoch: 92 [0/9600 (0%)]	Train Loss: 611.618958	Val Loss: 4.795461	Val Acc: 0.625\
Train Epoch: 92 [1280/9600 (13%)]	Train Loss: 614.618958	Val Loss: 4.793898	Val Acc: 0.78125\
Train Epoch: 92 [2560/9600 (27%)]	Train Loss: 611.618958	Val Loss: 4.790773	Val Acc: 1.09375\
Train Epoch: 92 [3840/9600 (40%)]	Train Loss: 613.618958	Val Loss: 4.793898	Val Acc: 0.78125\
Train Epoch: 92 [5120/9600 (53%)]	Train Loss: 613.618958	Val Loss: 4.790773	Val Acc: 1.09375\
Train Epoch: 92 [6400/9600 (67%)]	Train Loss: 612.618958	Val Loss: 4.792336	Val Acc: 0.9375\
Train Epoch: 92 [7680/9600 (80%)]	Train Loss: 613.618958	Val Loss: 4.795461	Val Acc: 0.625\
Train Epoch: 92 [8960/9600 (93%)]	Train Loss: 613.618958	Val Loss: 4.795461	Val Acc: 0.625\
Train Epoch: 93 [0/9600 (0%)]	Train Loss: 613.618958	Val Loss: 4.792336	Val Acc: 0.9375\
Train Epoch: 93 [1280/9600 (13%)]	Train Loss: 613.618958	Val Loss: 4.793898	Val Acc: 0.78125\
Train Epoch: 93 [2560/9600 (27%)]	Train Loss: 613.618958	Val Loss: 4.793898	Val Acc: 0.78125\
Train Epoch: 93 [3840/9600 (40%)]	Train Loss: 613.618958	Val Loss: 4.790773	Val Acc: 1.09375\
Train Epoch: 93 [5120/9600 (53%)]	Train Loss: 611.618958	Val Loss: 4.793898	Val Acc: 0.78125\
Train Epoch: 93 [6400/9600 (67%)]	Train Loss: 612.618958	Val Loss: 4.790773	Val Acc: 1.09375\
Train Epoch: 93 [7680/9600 (80%)]	Train Loss: 614.618958	Val Loss: 4.787648	Val Acc: 1.40625\
Train Epoch: 93 [8960/9600 (93%)]	Train Loss: 614.618958	Val Loss: 4.793898	Val Acc: 0.78125\
Train Epoch: 94 [0/9600 (0%)]	Train Loss: 612.618958	Val Loss: 4.797023	Val Acc: 0.46875\
Train Epoch: 94 [1280/9600 (13%)]	Train Loss: 614.618958	Val Loss: 4.795461	Val Acc: 0.625\
Train Epoch: 94 [2560/9600 (27%)]	Train Loss: 614.618958	Val Loss: 4.790773	Val Acc: 1.09375\
Train Epoch: 94 [3840/9600 (40%)]	Train Loss: 614.618958	Val Loss: 4.789211	Val Acc: 1.25\
Train Epoch: 94 [5120/9600 (53%)]	Train Loss: 613.618958	Val Loss: 4.790773	Val Acc: 1.09375\
Train Epoch: 94 [6400/9600 (67%)]	Train Loss: 614.618958	Val Loss: 4.792336	Val Acc: 0.9375\
Train Epoch: 94 [7680/9600 (80%)]	Train Loss: 613.618958	Val Loss: 4.792336	Val Acc: 0.9375\
Train Epoch: 94 [8960/9600 (93%)]	Train Loss: 612.618958	Val Loss: 4.792336	Val Acc: 0.9375\
Train Epoch: 95 [0/9600 (0%)]	Train Loss: 614.618958	Val Loss: 4.792336	Val Acc: 0.9375\
Train Epoch: 95 [1280/9600 (13%)]	Train Loss: 613.618958	Val Loss: 4.797023	Val Acc: 0.46875\
Train Epoch: 95 [2560/9600 (27%)]	Train Loss: 614.618958	Val Loss: 4.793898	Val Acc: 0.78125\
Train Epoch: 95 [3840/9600 (40%)]	Train Loss: 613.618958	Val Loss: 4.797023	Val Acc: 0.46875\
Train Epoch: 95 [5120/9600 (53%)]	Train Loss: 612.618958	Val Loss: 4.797023	Val Acc: 0.46875\
Train Epoch: 95 [6400/9600 (67%)]	Train Loss: 613.618958	Val Loss: 4.790773	Val Acc: 1.09375\
Train Epoch: 95 [7680/9600 (80%)]	Train Loss: 613.618958	Val Loss: 4.792336	Val Acc: 0.9375\
Train Epoch: 95 [8960/9600 (93%)]	Train Loss: 613.618958	Val Loss: 4.790773	Val Acc: 1.09375\
Train Epoch: 96 [0/9600 (0%)]	Train Loss: 613.618958	Val Loss: 4.790773	Val Acc: 1.09375\
Train Epoch: 96 [1280/9600 (13%)]	Train Loss: 613.618958	Val Loss: 4.795461	Val Acc: 0.625\
Train Epoch: 96 [2560/9600 (27%)]	Train Loss: 613.618958	Val Loss: 4.787648	Val Acc: 1.40625\
Train Epoch: 96 [3840/9600 (40%)]	Train Loss: 612.618958	Val Loss: 4.793898	Val Acc: 0.78125\
Train Epoch: 96 [5120/9600 (53%)]	Train Loss: 614.618958	Val Loss: 4.793898	Val Acc: 0.78125\
Train Epoch: 96 [6400/9600 (67%)]	Train Loss: 614.618958	Val Loss: 4.795461	Val Acc: 0.625\
Train Epoch: 96 [7680/9600 (80%)]	Train Loss: 613.618958	Val Loss: 4.790773	Val Acc: 1.09375\
Train Epoch: 96 [8960/9600 (93%)]	Train Loss: 613.618958	Val Loss: 4.793898	Val Acc: 0.78125\
Train Epoch: 97 [0/9600 (0%)]	Train Loss: 613.618958	Val Loss: 4.795461	Val Acc: 0.625\
Train Epoch: 97 [1280/9600 (13%)]	Train Loss: 614.618958	Val Loss: 4.792336	Val Acc: 0.9375\
Train Epoch: 97 [2560/9600 (27%)]	Train Loss: 612.618958	Val Loss: 4.795461	Val Acc: 0.625\
Train Epoch: 97 [3840/9600 (40%)]	Train Loss: 613.618958	Val Loss: 4.795461	Val Acc: 0.625\
Train Epoch: 97 [5120/9600 (53%)]	Train Loss: 614.618958	Val Loss: 4.795461	Val Acc: 0.625\
Train Epoch: 97 [6400/9600 (67%)]	Train Loss: 611.618958	Val Loss: 4.790773	Val Acc: 1.09375\
Train Epoch: 97 [7680/9600 (80%)]	Train Loss: 612.618958	Val Loss: 4.795461	Val Acc: 0.625\
Train Epoch: 97 [8960/9600 (93%)]	Train Loss: 614.618958	Val Loss: 4.793898	Val Acc: 0.78125\
Train Epoch: 98 [0/9600 (0%)]	Train Loss: 613.618958	Val Loss: 4.795461	Val Acc: 0.625\
Train Epoch: 98 [1280/9600 (13%)]	Train Loss: 613.618958	Val Loss: 4.792336	Val Acc: 0.9375\
Train Epoch: 98 [2560/9600 (27%)]	Train Loss: 612.618958	Val Loss: 4.790773	Val Acc: 1.09375\
Train Epoch: 98 [3840/9600 (40%)]	Train Loss: 614.618958	Val Loss: 4.793898	Val Acc: 0.78125\
Train Epoch: 98 [5120/9600 (53%)]	Train Loss: 612.618958	Val Loss: 4.790773	Val Acc: 1.09375\
Train Epoch: 98 [6400/9600 (67%)]	Train Loss: 613.618958	Val Loss: 4.787648	Val Acc: 1.40625\
Train Epoch: 98 [7680/9600 (80%)]	Train Loss: 612.618958	Val Loss: 4.793898	Val Acc: 0.78125\
Train Epoch: 98 [8960/9600 (93%)]	Train Loss: 613.618958	Val Loss: 4.797023	Val Acc: 0.46875\
Train Epoch: 99 [0/9600 (0%)]	Train Loss: 613.618958	Val Loss: 4.798585	Val Acc: 0.3125\
Train Epoch: 99 [1280/9600 (13%)]	Train Loss: 613.618958	Val Loss: 4.789211	Val Acc: 1.25\
Train Epoch: 99 [2560/9600 (27%)]	Train Loss: 613.618958	Val Loss: 4.798585	Val Acc: 0.3125\
Train Epoch: 99 [3840/9600 (40%)]	Train Loss: 613.618958	Val Loss: 4.797023	Val Acc: 0.46875\
Train Epoch: 99 [5120/9600 (53%)]	Train Loss: 614.618958	Val Loss: 4.792336	Val Acc: 0.9375\
Train Epoch: 99 [6400/9600 (67%)]	Train Loss: 614.618958	Val Loss: 4.786086	Val Acc: 1.5625\
Train Epoch: 99 [7680/9600 (80%)]	Train Loss: 614.618958	Val Loss: 4.790773	Val Acc: 1.09375\
Train Epoch: 99 [8960/9600 (93%)]	Train Loss: 614.618958	Val Loss: 4.790773	Val Acc: 1.09375\
Train Epoch: 100 [0/9600 (0%)]	Train Loss: 614.618958	Val Loss: 4.793898	Val Acc: 0.78125\
Train Epoch: 100 [1280/9600 (13%)]	Train Loss: 612.618958	Val Loss: 4.793898	Val Acc: 0.78125\
Train Epoch: 100 [2560/9600 (27%)]	Train Loss: 614.618958	Val Loss: 4.792336	Val Acc: 0.9375\
Train Epoch: 100 [3840/9600 (40%)]	Train Loss: 613.618958	Val Loss: 4.792336	Val Acc: 0.9375\
Train Epoch: 100 [5120/9600 (53%)]	Train Loss: 612.618958	Val Loss: 4.787648	Val Acc: 1.40625\
Train Epoch: 100 [6400/9600 (67%)]	Train Loss: 611.618958	Val Loss: 4.797023	Val Acc: 0.46875\
Train Epoch: 100 [7680/9600 (80%)]	Train Loss: 614.618958	Val Loss: 4.797023	Val Acc: 0.46875\
Train Epoch: 100 [8960/9600 (93%)]	Train Loss: 614.618958	Val Loss: 4.801711	Val Acc: 0.0\
\
test set: Average loss: 4.7959, Accuracy: 50/8580 (1%)}